CRITICAL - 2024-05-14 11:56:19 --> Error: Class "Locale" not found
[Method: GET, Route: /]
in SYSTEMPATH/CodeIgniter.php on line 190.
 1 SYSTEMPATH/Boot.php(299): CodeIgniter\CodeIgniter->initialize()
 2 SYSTEMPATH/Boot.php(66): CodeIgniter\Boot::initializeCodeIgniter()
 3 FCPATH/index.php(56): CodeIgniter\Boot::bootWeb()
CRITICAL - 2024-05-14 11:56:19 --> ErrorException: Uncaught Error: Class "Locale" not found in /var/www/html/api/web/system/Helpers/number_helper.php:139
Stack trace:
#0 /var/www/html/api/web/system/Helpers/number_helper.php(58): format_number()
#1 /var/www/html/api/web/system/Debug/BaseExceptionHandler.php(154): number_to_size()
#2 /var/www/html/api/web/app/Views/errors/html/error_exception.php(409): CodeIgniter\Debug\BaseExceptionHandler::describeMemory()
#3 /var/www/html/api/web/system/Debug/BaseExceptionHandler.php(266): include('...')
#4 /var/www/html/api/web/system/Debug/BaseExceptionHandler.php(269): CodeIgniter\Debug\BaseExceptionHandler->CodeIgniter\Debug\{closure}()
#5 /var/www/html/api/web/system/Debug/ExceptionHandler.php(114): CodeIgniter\Debug\BaseExceptionHandler->render()
#6 /var/www/html/api/web/system/Debug/Exceptions.php(164): CodeIgniter\Debug\ExceptionHandler->handle()
#7 [internal function]: CodeIgniter\Debug\Exceptions->exceptionHandler()
#8 {main}
  thrown
【Previous Exception】
Error
Class "Locale" not found
#0 /var/www/html/api/web/system/Boot.php(299): CodeIgniter\CodeIgniter->initialize()
#1 /var/www/html/api/web/system/Boot.php(66): CodeIgniter\Boot::initializeCodeIgniter()
#2 /var/www/html/api/web/public/index.php(56): CodeIgniter\Boot::bootWeb()
#3 {main}
[Method: GET, Route: /]
in SYSTEMPATH/Helpers/number_helper.php on line 139.
 1 [internal function]: CodeIgniter\Debug\Exceptions->shutdownHandler()
CRITICAL - 2024-05-14 11:56:21 --> Error: Class "Locale" not found
[Method: GET, Route: /]
in SYSTEMPATH/CodeIgniter.php on line 190.
 1 SYSTEMPATH/Boot.php(299): CodeIgniter\CodeIgniter->initialize()
 2 SYSTEMPATH/Boot.php(66): CodeIgniter\Boot::initializeCodeIgniter()
 3 FCPATH/index.php(56): CodeIgniter\Boot::bootWeb()
CRITICAL - 2024-05-14 11:56:21 --> ErrorException: Uncaught Error: Class "Locale" not found in /var/www/html/api/web/system/Helpers/number_helper.php:139
Stack trace:
#0 /var/www/html/api/web/system/Helpers/number_helper.php(58): format_number()
#1 /var/www/html/api/web/system/Debug/BaseExceptionHandler.php(154): number_to_size()
#2 /var/www/html/api/web/app/Views/errors/html/error_exception.php(409): CodeIgniter\Debug\BaseExceptionHandler::describeMemory()
#3 /var/www/html/api/web/system/Debug/BaseExceptionHandler.php(266): include('...')
#4 /var/www/html/api/web/system/Debug/BaseExceptionHandler.php(269): CodeIgniter\Debug\BaseExceptionHandler->CodeIgniter\Debug\{closure}()
#5 /var/www/html/api/web/system/Debug/ExceptionHandler.php(114): CodeIgniter\Debug\BaseExceptionHandler->render()
#6 /var/www/html/api/web/system/Debug/Exceptions.php(164): CodeIgniter\Debug\ExceptionHandler->handle()
#7 [internal function]: CodeIgniter\Debug\Exceptions->exceptionHandler()
#8 {main}
  thrown
【Previous Exception】
Error
Class "Locale" not found
#0 /var/www/html/api/web/system/Boot.php(299): CodeIgniter\CodeIgniter->initialize()
#1 /var/www/html/api/web/system/Boot.php(66): CodeIgniter\Boot::initializeCodeIgniter()
#2 /var/www/html/api/web/public/index.php(56): CodeIgniter\Boot::bootWeb()
#3 {main}
[Method: GET, Route: /]
in SYSTEMPATH/Helpers/number_helper.php on line 139.
 1 [internal function]: CodeIgniter\Debug\Exceptions->shutdownHandler()
CRITICAL - 2024-05-14 11:56:22 --> Error: Class "Locale" not found
[Method: GET, Route: /]
in SYSTEMPATH/CodeIgniter.php on line 190.
 1 SYSTEMPATH/Boot.php(299): CodeIgniter\CodeIgniter->initialize()
 2 SYSTEMPATH/Boot.php(66): CodeIgniter\Boot::initializeCodeIgniter()
 3 FCPATH/index.php(56): CodeIgniter\Boot::bootWeb()
CRITICAL - 2024-05-14 11:56:22 --> ErrorException: Uncaught Error: Class "Locale" not found in /var/www/html/api/web/system/Helpers/number_helper.php:139
Stack trace:
#0 /var/www/html/api/web/system/Helpers/number_helper.php(58): format_number()
#1 /var/www/html/api/web/system/Debug/BaseExceptionHandler.php(154): number_to_size()
#2 /var/www/html/api/web/app/Views/errors/html/error_exception.php(409): CodeIgniter\Debug\BaseExceptionHandler::describeMemory()
#3 /var/www/html/api/web/system/Debug/BaseExceptionHandler.php(266): include('...')
#4 /var/www/html/api/web/system/Debug/BaseExceptionHandler.php(269): CodeIgniter\Debug\BaseExceptionHandler->CodeIgniter\Debug\{closure}()
#5 /var/www/html/api/web/system/Debug/ExceptionHandler.php(114): CodeIgniter\Debug\BaseExceptionHandler->render()
#6 /var/www/html/api/web/system/Debug/Exceptions.php(164): CodeIgniter\Debug\ExceptionHandler->handle()
#7 [internal function]: CodeIgniter\Debug\Exceptions->exceptionHandler()
#8 {main}
  thrown
【Previous Exception】
Error
Class "Locale" not found
#0 /var/www/html/api/web/system/Boot.php(299): CodeIgniter\CodeIgniter->initialize()
#1 /var/www/html/api/web/system/Boot.php(66): CodeIgniter\Boot::initializeCodeIgniter()
#2 /var/www/html/api/web/public/index.php(56): CodeIgniter\Boot::bootWeb()
#3 {main}
[Method: GET, Route: /]
in SYSTEMPATH/Helpers/number_helper.php on line 139.
 1 [internal function]: CodeIgniter\Debug\Exceptions->shutdownHandler()
ERROR - 2024-05-14 13:39:08 --> Error connecting to the database: ErrorException: mysqli::real_connect(): php_network_getaddresses: getaddrinfo for mysql-codeigniter4 failed: Temporary failure in name resolution in /var/www/html/api/web/system/Database/MySQLi/Connection.php:187
Stack trace:
#0 [internal function]: CodeIgniter\Debug\Exceptions->errorHandler()
#1 /var/www/html/api/web/system/Database/MySQLi/Connection.php(187): mysqli->real_connect()
#2 /var/www/html/api/web/system/Database/BaseConnection.php(421): CodeIgniter\Database\MySQLi\Connection->connect()
#3 /var/www/html/api/web/system/Database/Database.php(80): CodeIgniter\Database\BaseConnection->initialize()
#4 /var/www/html/api/web/system/Database/Config.php(125): CodeIgniter\Database\Database->loadUtils()
#5 /var/www/html/api/web/app/Controllers/Home.php(10): CodeIgniter\Database\Config::utils()
#6 /var/www/html/api/web/system/CodeIgniter.php(933): App\Controllers\Home->index()
#7 /var/www/html/api/web/system/CodeIgniter.php(509): CodeIgniter\CodeIgniter->runController()
#8 /var/www/html/api/web/system/CodeIgniter.php(355): CodeIgniter\CodeIgniter->handleRequest()
#9 /var/www/html/api/web/system/Boot.php(312): CodeIgniter\CodeIgniter->run()
#10 /var/www/html/api/web/system/Boot.php(67): CodeIgniter\Boot::runCodeIgniter()
#11 /var/www/html/api/web/public/index.php(56): CodeIgniter\Boot::bootWeb()
#12 {main}

Next mysqli_sql_exception: php_network_getaddresses: getaddrinfo for mysql-codeigniter4 failed: Temporary failure in name resolution in /var/www/html/api/web/system/Database/MySQLi/Connection.php:187
Stack trace:
#0 /var/www/html/api/web/system/Database/MySQLi/Connection.php(187): mysqli->real_connect()
#1 /var/www/html/api/web/system/Database/BaseConnection.php(421): CodeIgniter\Database\MySQLi\Connection->connect()
#2 /var/www/html/api/web/system/Database/Database.php(80): CodeIgniter\Database\BaseConnection->initialize()
#3 /var/www/html/api/web/system/Database/Config.php(125): CodeIgniter\Database\Database->loadUtils()
#4 /var/www/html/api/web/app/Controllers/Home.php(10): CodeIgniter\Database\Config::utils()
#5 /var/www/html/api/web/system/CodeIgniter.php(933): App\Controllers\Home->index()
#6 /var/www/html/api/web/system/CodeIgniter.php(509): CodeIgniter\CodeIgniter->runController()
#7 /var/www/html/api/web/system/CodeIgniter.php(355): CodeIgniter\CodeIgniter->handleRequest()
#8 /var/www/html/api/web/system/Boot.php(312): CodeIgniter\CodeIgniter->run()
#9 /var/www/html/api/web/system/Boot.php(67): CodeIgniter\Boot::runCodeIgniter()
#10 /var/www/html/api/web/public/index.php(56): CodeIgniter\Boot::bootWeb()
#11 {main}

Next CodeIgniter\Database\Exceptions\DatabaseException: php_network_getaddresses: getaddrinfo for mysql-codeigniter4 failed: Temporary failure in name resolution in /var/www/html/api/web/system/Database/MySQLi/Connection.php:231
Stack trace:
#0 /var/www/html/api/web/system/Database/BaseConnection.php(421): CodeIgniter\Database\MySQLi\Connection->connect()
#1 /var/www/html/api/web/system/Database/Database.php(80): CodeIgniter\Database\BaseConnection->initialize()
#2 /var/www/html/api/web/system/Database/Config.php(125): CodeIgniter\Database\Database->loadUtils()
#3 /var/www/html/api/web/app/Controllers/Home.php(10): CodeIgniter\Database\Config::utils()
#4 /var/www/html/api/web/system/CodeIgniter.php(933): App\Controllers\Home->index()
#5 /var/www/html/api/web/system/CodeIgniter.php(509): CodeIgniter\CodeIgniter->runController()
#6 /var/www/html/api/web/system/CodeIgniter.php(355): CodeIgniter\CodeIgniter->handleRequest()
#7 /var/www/html/api/web/system/Boot.php(312): CodeIgniter\CodeIgniter->run()
#8 /var/www/html/api/web/system/Boot.php(67): CodeIgniter\Boot::runCodeIgniter()
#9 /var/www/html/api/web/public/index.php(56): CodeIgniter\Boot::bootWeb()
#10 {main}
CRITICAL - 2024-05-14 13:39:08 --> CodeIgniter\Database\Exceptions\DatabaseException: Unable to connect to the database.
Main connection [MySQLi]: php_network_getaddresses: getaddrinfo for mysql-codeigniter4 failed: Temporary failure in name resolution
[Method: GET, Route: /]
in SYSTEMPATH/Database/BaseConnection.php on line 457.
 1 SYSTEMPATH/Database/Database.php(80): CodeIgniter\Database\BaseConnection->initialize()
 2 SYSTEMPATH/Database/Config.php(125): CodeIgniter\Database\Database->loadUtils()
 3 APPPATH/Controllers/Home.php(10): CodeIgniter\Database\Config::utils()
 4 SYSTEMPATH/CodeIgniter.php(933): App\Controllers\Home->index()
 5 SYSTEMPATH/CodeIgniter.php(509): CodeIgniter\CodeIgniter->runController()
 6 SYSTEMPATH/CodeIgniter.php(355): CodeIgniter\CodeIgniter->handleRequest()
 7 SYSTEMPATH/Boot.php(312): CodeIgniter\CodeIgniter->run()
 8 SYSTEMPATH/Boot.php(67): CodeIgniter\Boot::runCodeIgniter()
 9 FCPATH/index.php(56): CodeIgniter\Boot::bootWeb()
ERROR - 2024-05-14 13:44:16 --> mysqli_sql_exception: You have an error in your SQL syntax; check the manual that corresponds to your MySQL server version for the right syntax to use near '-4' at line 1 in /var/www/html/api/web/system/Database/MySQLi/Connection.php:308
Stack trace:
#0 /var/www/html/api/web/system/Database/MySQLi/Connection.php(308): mysqli->query()
#1 /var/www/html/api/web/system/Database/BaseConnection.php(722): CodeIgniter\Database\MySQLi\Connection->execute()
#2 /var/www/html/api/web/system/Database/BaseConnection.php(636): CodeIgniter\Database\BaseConnection->simpleQuery()
#3 /var/www/html/api/web/app/Controllers/Home.php(18): CodeIgniter\Database\BaseConnection->query()
#4 /var/www/html/api/web/system/CodeIgniter.php(933): App\Controllers\Home->index()
#5 /var/www/html/api/web/system/CodeIgniter.php(509): CodeIgniter\CodeIgniter->runController()
#6 /var/www/html/api/web/system/CodeIgniter.php(355): CodeIgniter\CodeIgniter->handleRequest()
#7 /var/www/html/api/web/system/Boot.php(312): CodeIgniter\CodeIgniter->run()
#8 /var/www/html/api/web/system/Boot.php(67): CodeIgniter\Boot::runCodeIgniter()
#9 /var/www/html/api/web/public/index.php(56): CodeIgniter\Boot::bootWeb()
#10 {main}
CRITICAL - 2024-05-14 13:44:16 --> CodeIgniter\Database\Exceptions\DatabaseException: You have an error in your SQL syntax; check the manual that corresponds to your MySQL server version for the right syntax to use near '-4' at line 1
[Method: GET, Route: /]
in SYSTEMPATH/Database/BaseConnection.php on line 676.
 1 APPPATH/Controllers/Home.php(18): CodeIgniter\Database\BaseConnection->query()
 2 SYSTEMPATH/CodeIgniter.php(933): App\Controllers\Home->index()
 3 SYSTEMPATH/CodeIgniter.php(509): CodeIgniter\CodeIgniter->runController()
 4 SYSTEMPATH/CodeIgniter.php(355): CodeIgniter\CodeIgniter->handleRequest()
 5 SYSTEMPATH/Boot.php(312): CodeIgniter\CodeIgniter->run()
 6 SYSTEMPATH/Boot.php(67): CodeIgniter\Boot::runCodeIgniter()
 7 FCPATH/index.php(56): CodeIgniter\Boot::bootWeb()
CRITICAL - 2024-05-14 13:44:16 --> [Caused by] CodeIgniter\Database\Exceptions\DatabaseException: You have an error in your SQL syntax; check the manual that corresponds to your MySQL server version for the right syntax to use near '-4' at line 1
in SYSTEMPATH/Database/MySQLi/Connection.php on line 313.
 1 SYSTEMPATH/Database/BaseConnection.php(722): CodeIgniter\Database\MySQLi\Connection->execute()
 2 SYSTEMPATH/Database/BaseConnection.php(636): CodeIgniter\Database\BaseConnection->simpleQuery()
 3 APPPATH/Controllers/Home.php(18): CodeIgniter\Database\BaseConnection->query()
 4 SYSTEMPATH/CodeIgniter.php(933): App\Controllers\Home->index()
 5 SYSTEMPATH/CodeIgniter.php(509): CodeIgniter\CodeIgniter->runController()
 6 SYSTEMPATH/CodeIgniter.php(355): CodeIgniter\CodeIgniter->handleRequest()
 7 SYSTEMPATH/Boot.php(312): CodeIgniter\CodeIgniter->run()
 8 SYSTEMPATH/Boot.php(67): CodeIgniter\Boot::runCodeIgniter()
 9 FCPATH/index.php(56): CodeIgniter\Boot::bootWeb()
CRITICAL - 2024-05-14 13:44:16 --> [Caused by] mysqli_sql_exception: You have an error in your SQL syntax; check the manual that corresponds to your MySQL server version for the right syntax to use near '-4' at line 1
in SYSTEMPATH/Database/MySQLi/Connection.php on line 308.
 1 SYSTEMPATH/Database/MySQLi/Connection.php(308): mysqli->query()
 2 SYSTEMPATH/Database/BaseConnection.php(722): CodeIgniter\Database\MySQLi\Connection->execute()
 3 SYSTEMPATH/Database/BaseConnection.php(636): CodeIgniter\Database\BaseConnection->simpleQuery()
 4 APPPATH/Controllers/Home.php(18): CodeIgniter\Database\BaseConnection->query()
 5 SYSTEMPATH/CodeIgniter.php(933): App\Controllers\Home->index()
 6 SYSTEMPATH/CodeIgniter.php(509): CodeIgniter\CodeIgniter->runController()
 7 SYSTEMPATH/CodeIgniter.php(355): CodeIgniter\CodeIgniter->handleRequest()
 8 SYSTEMPATH/Boot.php(312): CodeIgniter\CodeIgniter->run()
 9 SYSTEMPATH/Boot.php(67): CodeIgniter\Boot::runCodeIgniter()
10 FCPATH/index.php(56): CodeIgniter\Boot::bootWeb()
ERROR - 2024-05-14 13:47:08 --> Error connecting to the database: mysqli_sql_exception: No such file or directory in /var/www/html/api/web/system/Database/MySQLi/Connection.php:187
Stack trace:
#0 /var/www/html/api/web/system/Database/MySQLi/Connection.php(187): mysqli->real_connect()
#1 /var/www/html/api/web/system/Database/BaseConnection.php(421): CodeIgniter\Database\MySQLi\Connection->connect()
#2 /var/www/html/api/web/system/Database/BaseConnection.php(604): CodeIgniter\Database\BaseConnection->initialize()
#3 /var/www/html/api/web/app/Controllers/Home.php(13): CodeIgniter\Database\BaseConnection->query()
#4 /var/www/html/api/web/system/CodeIgniter.php(933): App\Controllers\Home->index()
#5 /var/www/html/api/web/system/CodeIgniter.php(509): CodeIgniter\CodeIgniter->runController()
#6 /var/www/html/api/web/system/CodeIgniter.php(355): CodeIgniter\CodeIgniter->handleRequest()
#7 /var/www/html/api/web/system/Boot.php(312): CodeIgniter\CodeIgniter->run()
#8 /var/www/html/api/web/system/Boot.php(67): CodeIgniter\Boot::runCodeIgniter()
#9 /var/www/html/api/web/public/index.php(56): CodeIgniter\Boot::bootWeb()
#10 {main}

Next CodeIgniter\Database\Exceptions\DatabaseException: No such file or directory in /var/www/html/api/web/system/Database/MySQLi/Connection.php:231
Stack trace:
#0 /var/www/html/api/web/system/Database/BaseConnection.php(421): CodeIgniter\Database\MySQLi\Connection->connect()
#1 /var/www/html/api/web/system/Database/BaseConnection.php(604): CodeIgniter\Database\BaseConnection->initialize()
#2 /var/www/html/api/web/app/Controllers/Home.php(13): CodeIgniter\Database\BaseConnection->query()
#3 /var/www/html/api/web/system/CodeIgniter.php(933): App\Controllers\Home->index()
#4 /var/www/html/api/web/system/CodeIgniter.php(509): CodeIgniter\CodeIgniter->runController()
#5 /var/www/html/api/web/system/CodeIgniter.php(355): CodeIgniter\CodeIgniter->handleRequest()
#6 /var/www/html/api/web/system/Boot.php(312): CodeIgniter\CodeIgniter->run()
#7 /var/www/html/api/web/system/Boot.php(67): CodeIgniter\Boot::runCodeIgniter()
#8 /var/www/html/api/web/public/index.php(56): CodeIgniter\Boot::bootWeb()
#9 {main}
CRITICAL - 2024-05-14 13:47:08 --> CodeIgniter\Database\Exceptions\DatabaseException: Unable to connect to the database.
Main connection [MySQLi]: No such file or directory
[Method: GET, Route: /]
in SYSTEMPATH/Database/BaseConnection.php on line 457.
 1 SYSTEMPATH/Database/BaseConnection.php(604): CodeIgniter\Database\BaseConnection->initialize()
 2 APPPATH/Controllers/Home.php(13): CodeIgniter\Database\BaseConnection->query()
 3 SYSTEMPATH/CodeIgniter.php(933): App\Controllers\Home->index()
 4 SYSTEMPATH/CodeIgniter.php(509): CodeIgniter\CodeIgniter->runController()
 5 SYSTEMPATH/CodeIgniter.php(355): CodeIgniter\CodeIgniter->handleRequest()
 6 SYSTEMPATH/Boot.php(312): CodeIgniter\CodeIgniter->run()
 7 SYSTEMPATH/Boot.php(67): CodeIgniter\Boot::runCodeIgniter()
 8 FCPATH/index.php(56): CodeIgniter\Boot::bootWeb()
ERROR - 2024-05-14 13:48:45 --> Error connecting to the database: mysqli_sql_exception: Unknown database 'ci44' in /var/www/html/api/web/system/Database/MySQLi/Connection.php:187
Stack trace:
#0 /var/www/html/api/web/system/Database/MySQLi/Connection.php(187): mysqli->real_connect()
#1 /var/www/html/api/web/system/Database/BaseConnection.php(421): CodeIgniter\Database\MySQLi\Connection->connect()
#2 /var/www/html/api/web/system/Database/BaseConnection.php(604): CodeIgniter\Database\BaseConnection->initialize()
#3 /var/www/html/api/web/app/Controllers/Home.php(13): CodeIgniter\Database\BaseConnection->query()
#4 /var/www/html/api/web/system/CodeIgniter.php(933): App\Controllers\Home->index()
#5 /var/www/html/api/web/system/CodeIgniter.php(509): CodeIgniter\CodeIgniter->runController()
#6 /var/www/html/api/web/system/CodeIgniter.php(355): CodeIgniter\CodeIgniter->handleRequest()
#7 /var/www/html/api/web/system/Boot.php(312): CodeIgniter\CodeIgniter->run()
#8 /var/www/html/api/web/system/Boot.php(67): CodeIgniter\Boot::runCodeIgniter()
#9 /var/www/html/api/web/public/index.php(56): CodeIgniter\Boot::bootWeb()
#10 {main}

Next CodeIgniter\Database\Exceptions\DatabaseException: Unknown database 'ci44' in /var/www/html/api/web/system/Database/MySQLi/Connection.php:231
Stack trace:
#0 /var/www/html/api/web/system/Database/BaseConnection.php(421): CodeIgniter\Database\MySQLi\Connection->connect()
#1 /var/www/html/api/web/system/Database/BaseConnection.php(604): CodeIgniter\Database\BaseConnection->initialize()
#2 /var/www/html/api/web/app/Controllers/Home.php(13): CodeIgniter\Database\BaseConnection->query()
#3 /var/www/html/api/web/system/CodeIgniter.php(933): App\Controllers\Home->index()
#4 /var/www/html/api/web/system/CodeIgniter.php(509): CodeIgniter\CodeIgniter->runController()
#5 /var/www/html/api/web/system/CodeIgniter.php(355): CodeIgniter\CodeIgniter->handleRequest()
#6 /var/www/html/api/web/system/Boot.php(312): CodeIgniter\CodeIgniter->run()
#7 /var/www/html/api/web/system/Boot.php(67): CodeIgniter\Boot::runCodeIgniter()
#8 /var/www/html/api/web/public/index.php(56): CodeIgniter\Boot::bootWeb()
#9 {main}
CRITICAL - 2024-05-14 13:48:45 --> CodeIgniter\Database\Exceptions\DatabaseException: Unable to connect to the database.
Main connection [MySQLi]: Unknown database 'ci44'
[Method: GET, Route: /]
in SYSTEMPATH/Database/BaseConnection.php on line 457.
 1 SYSTEMPATH/Database/BaseConnection.php(604): CodeIgniter\Database\BaseConnection->initialize()
 2 APPPATH/Controllers/Home.php(13): CodeIgniter\Database\BaseConnection->query()
 3 SYSTEMPATH/CodeIgniter.php(933): App\Controllers\Home->index()
 4 SYSTEMPATH/CodeIgniter.php(509): CodeIgniter\CodeIgniter->runController()
 5 SYSTEMPATH/CodeIgniter.php(355): CodeIgniter\CodeIgniter->handleRequest()
 6 SYSTEMPATH/Boot.php(312): CodeIgniter\CodeIgniter->run()
 7 SYSTEMPATH/Boot.php(67): CodeIgniter\Boot::runCodeIgniter()
 8 FCPATH/index.php(56): CodeIgniter\Boot::bootWeb()
ERROR - 2024-05-14 13:49:40 --> Error connecting to the database: ErrorException: mysqli::real_connect(): php_network_getaddresses: getaddrinfo for mysql-codeigniter4 failed: Temporary failure in name resolution in /var/www/html/api/web/system/Database/MySQLi/Connection.php:187
Stack trace:
#0 [internal function]: CodeIgniter\Debug\Exceptions->errorHandler()
#1 /var/www/html/api/web/system/Database/MySQLi/Connection.php(187): mysqli->real_connect()
#2 /var/www/html/api/web/system/Database/BaseConnection.php(421): CodeIgniter\Database\MySQLi\Connection->connect()
#3 /var/www/html/api/web/system/Database/BaseConnection.php(604): CodeIgniter\Database\BaseConnection->initialize()
#4 /var/www/html/api/web/app/Controllers/Home.php(13): CodeIgniter\Database\BaseConnection->query()
#5 /var/www/html/api/web/system/CodeIgniter.php(933): App\Controllers\Home->index()
#6 /var/www/html/api/web/system/CodeIgniter.php(509): CodeIgniter\CodeIgniter->runController()
#7 /var/www/html/api/web/system/CodeIgniter.php(355): CodeIgniter\CodeIgniter->handleRequest()
#8 /var/www/html/api/web/system/Boot.php(312): CodeIgniter\CodeIgniter->run()
#9 /var/www/html/api/web/system/Boot.php(67): CodeIgniter\Boot::runCodeIgniter()
#10 /var/www/html/api/web/public/index.php(56): CodeIgniter\Boot::bootWeb()
#11 {main}

Next mysqli_sql_exception: php_network_getaddresses: getaddrinfo for mysql-codeigniter4 failed: Temporary failure in name resolution in /var/www/html/api/web/system/Database/MySQLi/Connection.php:187
Stack trace:
#0 /var/www/html/api/web/system/Database/MySQLi/Connection.php(187): mysqli->real_connect()
#1 /var/www/html/api/web/system/Database/BaseConnection.php(421): CodeIgniter\Database\MySQLi\Connection->connect()
#2 /var/www/html/api/web/system/Database/BaseConnection.php(604): CodeIgniter\Database\BaseConnection->initialize()
#3 /var/www/html/api/web/app/Controllers/Home.php(13): CodeIgniter\Database\BaseConnection->query()
#4 /var/www/html/api/web/system/CodeIgniter.php(933): App\Controllers\Home->index()
#5 /var/www/html/api/web/system/CodeIgniter.php(509): CodeIgniter\CodeIgniter->runController()
#6 /var/www/html/api/web/system/CodeIgniter.php(355): CodeIgniter\CodeIgniter->handleRequest()
#7 /var/www/html/api/web/system/Boot.php(312): CodeIgniter\CodeIgniter->run()
#8 /var/www/html/api/web/system/Boot.php(67): CodeIgniter\Boot::runCodeIgniter()
#9 /var/www/html/api/web/public/index.php(56): CodeIgniter\Boot::bootWeb()
#10 {main}

Next CodeIgniter\Database\Exceptions\DatabaseException: php_network_getaddresses: getaddrinfo for mysql-codeigniter4 failed: Temporary failure in name resolution in /var/www/html/api/web/system/Database/MySQLi/Connection.php:231
Stack trace:
#0 /var/www/html/api/web/system/Database/BaseConnection.php(421): CodeIgniter\Database\MySQLi\Connection->connect()
#1 /var/www/html/api/web/system/Database/BaseConnection.php(604): CodeIgniter\Database\BaseConnection->initialize()
#2 /var/www/html/api/web/app/Controllers/Home.php(13): CodeIgniter\Database\BaseConnection->query()
#3 /var/www/html/api/web/system/CodeIgniter.php(933): App\Controllers\Home->index()
#4 /var/www/html/api/web/system/CodeIgniter.php(509): CodeIgniter\CodeIgniter->runController()
#5 /var/www/html/api/web/system/CodeIgniter.php(355): CodeIgniter\CodeIgniter->handleRequest()
#6 /var/www/html/api/web/system/Boot.php(312): CodeIgniter\CodeIgniter->run()
#7 /var/www/html/api/web/system/Boot.php(67): CodeIgniter\Boot::runCodeIgniter()
#8 /var/www/html/api/web/public/index.php(56): CodeIgniter\Boot::bootWeb()
#9 {main}
CRITICAL - 2024-05-14 13:49:40 --> CodeIgniter\Database\Exceptions\DatabaseException: Unable to connect to the database.
Main connection [MySQLi]: php_network_getaddresses: getaddrinfo for mysql-codeigniter4 failed: Temporary failure in name resolution
[Method: GET, Route: /]
in SYSTEMPATH/Database/BaseConnection.php on line 457.
 1 SYSTEMPATH/Database/BaseConnection.php(604): CodeIgniter\Database\BaseConnection->initialize()
 2 APPPATH/Controllers/Home.php(13): CodeIgniter\Database\BaseConnection->query()
 3 SYSTEMPATH/CodeIgniter.php(933): App\Controllers\Home->index()
 4 SYSTEMPATH/CodeIgniter.php(509): CodeIgniter\CodeIgniter->runController()
 5 SYSTEMPATH/CodeIgniter.php(355): CodeIgniter\CodeIgniter->handleRequest()
 6 SYSTEMPATH/Boot.php(312): CodeIgniter\CodeIgniter->run()
 7 SYSTEMPATH/Boot.php(67): CodeIgniter\Boot::runCodeIgniter()
 8 FCPATH/index.php(56): CodeIgniter\Boot::bootWeb()
ERROR - 2024-05-14 13:49:42 --> Error connecting to the database: ErrorException: mysqli::real_connect(): php_network_getaddresses: getaddrinfo for mysql-codeigniter4 failed: Temporary failure in name resolution in /var/www/html/api/web/system/Database/MySQLi/Connection.php:187
Stack trace:
#0 [internal function]: CodeIgniter\Debug\Exceptions->errorHandler()
#1 /var/www/html/api/web/system/Database/MySQLi/Connection.php(187): mysqli->real_connect()
#2 /var/www/html/api/web/system/Database/BaseConnection.php(421): CodeIgniter\Database\MySQLi\Connection->connect()
#3 /var/www/html/api/web/system/Database/BaseConnection.php(604): CodeIgniter\Database\BaseConnection->initialize()
#4 /var/www/html/api/web/app/Controllers/Home.php(13): CodeIgniter\Database\BaseConnection->query()
#5 /var/www/html/api/web/system/CodeIgniter.php(933): App\Controllers\Home->index()
#6 /var/www/html/api/web/system/CodeIgniter.php(509): CodeIgniter\CodeIgniter->runController()
#7 /var/www/html/api/web/system/CodeIgniter.php(355): CodeIgniter\CodeIgniter->handleRequest()
#8 /var/www/html/api/web/system/Boot.php(312): CodeIgniter\CodeIgniter->run()
#9 /var/www/html/api/web/system/Boot.php(67): CodeIgniter\Boot::runCodeIgniter()
#10 /var/www/html/api/web/public/index.php(56): CodeIgniter\Boot::bootWeb()
#11 {main}

Next mysqli_sql_exception: php_network_getaddresses: getaddrinfo for mysql-codeigniter4 failed: Temporary failure in name resolution in /var/www/html/api/web/system/Database/MySQLi/Connection.php:187
Stack trace:
#0 /var/www/html/api/web/system/Database/MySQLi/Connection.php(187): mysqli->real_connect()
#1 /var/www/html/api/web/system/Database/BaseConnection.php(421): CodeIgniter\Database\MySQLi\Connection->connect()
#2 /var/www/html/api/web/system/Database/BaseConnection.php(604): CodeIgniter\Database\BaseConnection->initialize()
#3 /var/www/html/api/web/app/Controllers/Home.php(13): CodeIgniter\Database\BaseConnection->query()
#4 /var/www/html/api/web/system/CodeIgniter.php(933): App\Controllers\Home->index()
#5 /var/www/html/api/web/system/CodeIgniter.php(509): CodeIgniter\CodeIgniter->runController()
#6 /var/www/html/api/web/system/CodeIgniter.php(355): CodeIgniter\CodeIgniter->handleRequest()
#7 /var/www/html/api/web/system/Boot.php(312): CodeIgniter\CodeIgniter->run()
#8 /var/www/html/api/web/system/Boot.php(67): CodeIgniter\Boot::runCodeIgniter()
#9 /var/www/html/api/web/public/index.php(56): CodeIgniter\Boot::bootWeb()
#10 {main}

Next CodeIgniter\Database\Exceptions\DatabaseException: php_network_getaddresses: getaddrinfo for mysql-codeigniter4 failed: Temporary failure in name resolution in /var/www/html/api/web/system/Database/MySQLi/Connection.php:231
Stack trace:
#0 /var/www/html/api/web/system/Database/BaseConnection.php(421): CodeIgniter\Database\MySQLi\Connection->connect()
#1 /var/www/html/api/web/system/Database/BaseConnection.php(604): CodeIgniter\Database\BaseConnection->initialize()
#2 /var/www/html/api/web/app/Controllers/Home.php(13): CodeIgniter\Database\BaseConnection->query()
#3 /var/www/html/api/web/system/CodeIgniter.php(933): App\Controllers\Home->index()
#4 /var/www/html/api/web/system/CodeIgniter.php(509): CodeIgniter\CodeIgniter->runController()
#5 /var/www/html/api/web/system/CodeIgniter.php(355): CodeIgniter\CodeIgniter->handleRequest()
#6 /var/www/html/api/web/system/Boot.php(312): CodeIgniter\CodeIgniter->run()
#7 /var/www/html/api/web/system/Boot.php(67): CodeIgniter\Boot::runCodeIgniter()
#8 /var/www/html/api/web/public/index.php(56): CodeIgniter\Boot::bootWeb()
#9 {main}
CRITICAL - 2024-05-14 13:49:42 --> CodeIgniter\Database\Exceptions\DatabaseException: Unable to connect to the database.
Main connection [MySQLi]: php_network_getaddresses: getaddrinfo for mysql-codeigniter4 failed: Temporary failure in name resolution
[Method: GET, Route: /]
in SYSTEMPATH/Database/BaseConnection.php on line 457.
 1 SYSTEMPATH/Database/BaseConnection.php(604): CodeIgniter\Database\BaseConnection->initialize()
 2 APPPATH/Controllers/Home.php(13): CodeIgniter\Database\BaseConnection->query()
 3 SYSTEMPATH/CodeIgniter.php(933): App\Controllers\Home->index()
 4 SYSTEMPATH/CodeIgniter.php(509): CodeIgniter\CodeIgniter->runController()
 5 SYSTEMPATH/CodeIgniter.php(355): CodeIgniter\CodeIgniter->handleRequest()
 6 SYSTEMPATH/Boot.php(312): CodeIgniter\CodeIgniter->run()
 7 SYSTEMPATH/Boot.php(67): CodeIgniter\Boot::runCodeIgniter()
 8 FCPATH/index.php(56): CodeIgniter\Boot::bootWeb()
ERROR - 2024-05-14 13:49:42 --> Error connecting to the database: ErrorException: mysqli::real_connect(): php_network_getaddresses: getaddrinfo for mysql-codeigniter4 failed: Temporary failure in name resolution in /var/www/html/api/web/system/Database/MySQLi/Connection.php:187
Stack trace:
#0 [internal function]: CodeIgniter\Debug\Exceptions->errorHandler()
#1 /var/www/html/api/web/system/Database/MySQLi/Connection.php(187): mysqli->real_connect()
#2 /var/www/html/api/web/system/Database/BaseConnection.php(421): CodeIgniter\Database\MySQLi\Connection->connect()
#3 /var/www/html/api/web/system/Database/BaseConnection.php(604): CodeIgniter\Database\BaseConnection->initialize()
#4 /var/www/html/api/web/app/Controllers/Home.php(13): CodeIgniter\Database\BaseConnection->query()
#5 /var/www/html/api/web/system/CodeIgniter.php(933): App\Controllers\Home->index()
#6 /var/www/html/api/web/system/CodeIgniter.php(509): CodeIgniter\CodeIgniter->runController()
#7 /var/www/html/api/web/system/CodeIgniter.php(355): CodeIgniter\CodeIgniter->handleRequest()
#8 /var/www/html/api/web/system/Boot.php(312): CodeIgniter\CodeIgniter->run()
#9 /var/www/html/api/web/system/Boot.php(67): CodeIgniter\Boot::runCodeIgniter()
#10 /var/www/html/api/web/public/index.php(56): CodeIgniter\Boot::bootWeb()
#11 {main}

Next mysqli_sql_exception: php_network_getaddresses: getaddrinfo for mysql-codeigniter4 failed: Temporary failure in name resolution in /var/www/html/api/web/system/Database/MySQLi/Connection.php:187
Stack trace:
#0 /var/www/html/api/web/system/Database/MySQLi/Connection.php(187): mysqli->real_connect()
#1 /var/www/html/api/web/system/Database/BaseConnection.php(421): CodeIgniter\Database\MySQLi\Connection->connect()
#2 /var/www/html/api/web/system/Database/BaseConnection.php(604): CodeIgniter\Database\BaseConnection->initialize()
#3 /var/www/html/api/web/app/Controllers/Home.php(13): CodeIgniter\Database\BaseConnection->query()
#4 /var/www/html/api/web/system/CodeIgniter.php(933): App\Controllers\Home->index()
#5 /var/www/html/api/web/system/CodeIgniter.php(509): CodeIgniter\CodeIgniter->runController()
#6 /var/www/html/api/web/system/CodeIgniter.php(355): CodeIgniter\CodeIgniter->handleRequest()
#7 /var/www/html/api/web/system/Boot.php(312): CodeIgniter\CodeIgniter->run()
#8 /var/www/html/api/web/system/Boot.php(67): CodeIgniter\Boot::runCodeIgniter()
#9 /var/www/html/api/web/public/index.php(56): CodeIgniter\Boot::bootWeb()
#10 {main}

Next CodeIgniter\Database\Exceptions\DatabaseException: php_network_getaddresses: getaddrinfo for mysql-codeigniter4 failed: Temporary failure in name resolution in /var/www/html/api/web/system/Database/MySQLi/Connection.php:231
Stack trace:
#0 /var/www/html/api/web/system/Database/BaseConnection.php(421): CodeIgniter\Database\MySQLi\Connection->connect()
#1 /var/www/html/api/web/system/Database/BaseConnection.php(604): CodeIgniter\Database\BaseConnection->initialize()
#2 /var/www/html/api/web/app/Controllers/Home.php(13): CodeIgniter\Database\BaseConnection->query()
#3 /var/www/html/api/web/system/CodeIgniter.php(933): App\Controllers\Home->index()
#4 /var/www/html/api/web/system/CodeIgniter.php(509): CodeIgniter\CodeIgniter->runController()
#5 /var/www/html/api/web/system/CodeIgniter.php(355): CodeIgniter\CodeIgniter->handleRequest()
#6 /var/www/html/api/web/system/Boot.php(312): CodeIgniter\CodeIgniter->run()
#7 /var/www/html/api/web/system/Boot.php(67): CodeIgniter\Boot::runCodeIgniter()
#8 /var/www/html/api/web/public/index.php(56): CodeIgniter\Boot::bootWeb()
#9 {main}
CRITICAL - 2024-05-14 13:49:42 --> CodeIgniter\Database\Exceptions\DatabaseException: Unable to connect to the database.
Main connection [MySQLi]: php_network_getaddresses: getaddrinfo for mysql-codeigniter4 failed: Temporary failure in name resolution
[Method: GET, Route: /]
in SYSTEMPATH/Database/BaseConnection.php on line 457.
 1 SYSTEMPATH/Database/BaseConnection.php(604): CodeIgniter\Database\BaseConnection->initialize()
 2 APPPATH/Controllers/Home.php(13): CodeIgniter\Database\BaseConnection->query()
 3 SYSTEMPATH/CodeIgniter.php(933): App\Controllers\Home->index()
 4 SYSTEMPATH/CodeIgniter.php(509): CodeIgniter\CodeIgniter->runController()
 5 SYSTEMPATH/CodeIgniter.php(355): CodeIgniter\CodeIgniter->handleRequest()
 6 SYSTEMPATH/Boot.php(312): CodeIgniter\CodeIgniter->run()
 7 SYSTEMPATH/Boot.php(67): CodeIgniter\Boot::runCodeIgniter()
 8 FCPATH/index.php(56): CodeIgniter\Boot::bootWeb()
ERROR - 2024-05-14 13:49:42 --> Error connecting to the database: ErrorException: mysqli::real_connect(): php_network_getaddresses: getaddrinfo for mysql-codeigniter4 failed: Temporary failure in name resolution in /var/www/html/api/web/system/Database/MySQLi/Connection.php:187
Stack trace:
#0 [internal function]: CodeIgniter\Debug\Exceptions->errorHandler()
#1 /var/www/html/api/web/system/Database/MySQLi/Connection.php(187): mysqli->real_connect()
#2 /var/www/html/api/web/system/Database/BaseConnection.php(421): CodeIgniter\Database\MySQLi\Connection->connect()
#3 /var/www/html/api/web/system/Database/BaseConnection.php(604): CodeIgniter\Database\BaseConnection->initialize()
#4 /var/www/html/api/web/app/Controllers/Home.php(13): CodeIgniter\Database\BaseConnection->query()
#5 /var/www/html/api/web/system/CodeIgniter.php(933): App\Controllers\Home->index()
#6 /var/www/html/api/web/system/CodeIgniter.php(509): CodeIgniter\CodeIgniter->runController()
#7 /var/www/html/api/web/system/CodeIgniter.php(355): CodeIgniter\CodeIgniter->handleRequest()
#8 /var/www/html/api/web/system/Boot.php(312): CodeIgniter\CodeIgniter->run()
#9 /var/www/html/api/web/system/Boot.php(67): CodeIgniter\Boot::runCodeIgniter()
#10 /var/www/html/api/web/public/index.php(56): CodeIgniter\Boot::bootWeb()
#11 {main}

Next mysqli_sql_exception: php_network_getaddresses: getaddrinfo for mysql-codeigniter4 failed: Temporary failure in name resolution in /var/www/html/api/web/system/Database/MySQLi/Connection.php:187
Stack trace:
#0 /var/www/html/api/web/system/Database/MySQLi/Connection.php(187): mysqli->real_connect()
#1 /var/www/html/api/web/system/Database/BaseConnection.php(421): CodeIgniter\Database\MySQLi\Connection->connect()
#2 /var/www/html/api/web/system/Database/BaseConnection.php(604): CodeIgniter\Database\BaseConnection->initialize()
#3 /var/www/html/api/web/app/Controllers/Home.php(13): CodeIgniter\Database\BaseConnection->query()
#4 /var/www/html/api/web/system/CodeIgniter.php(933): App\Controllers\Home->index()
#5 /var/www/html/api/web/system/CodeIgniter.php(509): CodeIgniter\CodeIgniter->runController()
#6 /var/www/html/api/web/system/CodeIgniter.php(355): CodeIgniter\CodeIgniter->handleRequest()
#7 /var/www/html/api/web/system/Boot.php(312): CodeIgniter\CodeIgniter->run()
#8 /var/www/html/api/web/system/Boot.php(67): CodeIgniter\Boot::runCodeIgniter()
#9 /var/www/html/api/web/public/index.php(56): CodeIgniter\Boot::bootWeb()
#10 {main}

Next CodeIgniter\Database\Exceptions\DatabaseException: php_network_getaddresses: getaddrinfo for mysql-codeigniter4 failed: Temporary failure in name resolution in /var/www/html/api/web/system/Database/MySQLi/Connection.php:231
Stack trace:
#0 /var/www/html/api/web/system/Database/BaseConnection.php(421): CodeIgniter\Database\MySQLi\Connection->connect()
#1 /var/www/html/api/web/system/Database/BaseConnection.php(604): CodeIgniter\Database\BaseConnection->initialize()
#2 /var/www/html/api/web/app/Controllers/Home.php(13): CodeIgniter\Database\BaseConnection->query()
#3 /var/www/html/api/web/system/CodeIgniter.php(933): App\Controllers\Home->index()
#4 /var/www/html/api/web/system/CodeIgniter.php(509): CodeIgniter\CodeIgniter->runController()
#5 /var/www/html/api/web/system/CodeIgniter.php(355): CodeIgniter\CodeIgniter->handleRequest()
#6 /var/www/html/api/web/system/Boot.php(312): CodeIgniter\CodeIgniter->run()
#7 /var/www/html/api/web/system/Boot.php(67): CodeIgniter\Boot::runCodeIgniter()
#8 /var/www/html/api/web/public/index.php(56): CodeIgniter\Boot::bootWeb()
#9 {main}
CRITICAL - 2024-05-14 13:49:42 --> CodeIgniter\Database\Exceptions\DatabaseException: Unable to connect to the database.
Main connection [MySQLi]: php_network_getaddresses: getaddrinfo for mysql-codeigniter4 failed: Temporary failure in name resolution
[Method: GET, Route: /]
in SYSTEMPATH/Database/BaseConnection.php on line 457.
 1 SYSTEMPATH/Database/BaseConnection.php(604): CodeIgniter\Database\BaseConnection->initialize()
 2 APPPATH/Controllers/Home.php(13): CodeIgniter\Database\BaseConnection->query()
 3 SYSTEMPATH/CodeIgniter.php(933): App\Controllers\Home->index()
 4 SYSTEMPATH/CodeIgniter.php(509): CodeIgniter\CodeIgniter->runController()
 5 SYSTEMPATH/CodeIgniter.php(355): CodeIgniter\CodeIgniter->handleRequest()
 6 SYSTEMPATH/Boot.php(312): CodeIgniter\CodeIgniter->run()
 7 SYSTEMPATH/Boot.php(67): CodeIgniter\Boot::runCodeIgniter()
 8 FCPATH/index.php(56): CodeIgniter\Boot::bootWeb()
ERROR - 2024-05-14 13:49:43 --> Error connecting to the database: ErrorException: mysqli::real_connect(): php_network_getaddresses: getaddrinfo for mysql-codeigniter4 failed: Temporary failure in name resolution in /var/www/html/api/web/system/Database/MySQLi/Connection.php:187
Stack trace:
#0 [internal function]: CodeIgniter\Debug\Exceptions->errorHandler()
#1 /var/www/html/api/web/system/Database/MySQLi/Connection.php(187): mysqli->real_connect()
#2 /var/www/html/api/web/system/Database/BaseConnection.php(421): CodeIgniter\Database\MySQLi\Connection->connect()
#3 /var/www/html/api/web/system/Database/BaseConnection.php(604): CodeIgniter\Database\BaseConnection->initialize()
#4 /var/www/html/api/web/app/Controllers/Home.php(13): CodeIgniter\Database\BaseConnection->query()
#5 /var/www/html/api/web/system/CodeIgniter.php(933): App\Controllers\Home->index()
#6 /var/www/html/api/web/system/CodeIgniter.php(509): CodeIgniter\CodeIgniter->runController()
#7 /var/www/html/api/web/system/CodeIgniter.php(355): CodeIgniter\CodeIgniter->handleRequest()
#8 /var/www/html/api/web/system/Boot.php(312): CodeIgniter\CodeIgniter->run()
#9 /var/www/html/api/web/system/Boot.php(67): CodeIgniter\Boot::runCodeIgniter()
#10 /var/www/html/api/web/public/index.php(56): CodeIgniter\Boot::bootWeb()
#11 {main}

Next mysqli_sql_exception: php_network_getaddresses: getaddrinfo for mysql-codeigniter4 failed: Temporary failure in name resolution in /var/www/html/api/web/system/Database/MySQLi/Connection.php:187
Stack trace:
#0 /var/www/html/api/web/system/Database/MySQLi/Connection.php(187): mysqli->real_connect()
#1 /var/www/html/api/web/system/Database/BaseConnection.php(421): CodeIgniter\Database\MySQLi\Connection->connect()
#2 /var/www/html/api/web/system/Database/BaseConnection.php(604): CodeIgniter\Database\BaseConnection->initialize()
#3 /var/www/html/api/web/app/Controllers/Home.php(13): CodeIgniter\Database\BaseConnection->query()
#4 /var/www/html/api/web/system/CodeIgniter.php(933): App\Controllers\Home->index()
#5 /var/www/html/api/web/system/CodeIgniter.php(509): CodeIgniter\CodeIgniter->runController()
#6 /var/www/html/api/web/system/CodeIgniter.php(355): CodeIgniter\CodeIgniter->handleRequest()
#7 /var/www/html/api/web/system/Boot.php(312): CodeIgniter\CodeIgniter->run()
#8 /var/www/html/api/web/system/Boot.php(67): CodeIgniter\Boot::runCodeIgniter()
#9 /var/www/html/api/web/public/index.php(56): CodeIgniter\Boot::bootWeb()
#10 {main}

Next CodeIgniter\Database\Exceptions\DatabaseException: php_network_getaddresses: getaddrinfo for mysql-codeigniter4 failed: Temporary failure in name resolution in /var/www/html/api/web/system/Database/MySQLi/Connection.php:231
Stack trace:
#0 /var/www/html/api/web/system/Database/BaseConnection.php(421): CodeIgniter\Database\MySQLi\Connection->connect()
#1 /var/www/html/api/web/system/Database/BaseConnection.php(604): CodeIgniter\Database\BaseConnection->initialize()
#2 /var/www/html/api/web/app/Controllers/Home.php(13): CodeIgniter\Database\BaseConnection->query()
#3 /var/www/html/api/web/system/CodeIgniter.php(933): App\Controllers\Home->index()
#4 /var/www/html/api/web/system/CodeIgniter.php(509): CodeIgniter\CodeIgniter->runController()
#5 /var/www/html/api/web/system/CodeIgniter.php(355): CodeIgniter\CodeIgniter->handleRequest()
#6 /var/www/html/api/web/system/Boot.php(312): CodeIgniter\CodeIgniter->run()
#7 /var/www/html/api/web/system/Boot.php(67): CodeIgniter\Boot::runCodeIgniter()
#8 /var/www/html/api/web/public/index.php(56): CodeIgniter\Boot::bootWeb()
#9 {main}
CRITICAL - 2024-05-14 13:49:43 --> CodeIgniter\Database\Exceptions\DatabaseException: Unable to connect to the database.
Main connection [MySQLi]: php_network_getaddresses: getaddrinfo for mysql-codeigniter4 failed: Temporary failure in name resolution
[Method: GET, Route: /]
in SYSTEMPATH/Database/BaseConnection.php on line 457.
 1 SYSTEMPATH/Database/BaseConnection.php(604): CodeIgniter\Database\BaseConnection->initialize()
 2 APPPATH/Controllers/Home.php(13): CodeIgniter\Database\BaseConnection->query()
 3 SYSTEMPATH/CodeIgniter.php(933): App\Controllers\Home->index()
 4 SYSTEMPATH/CodeIgniter.php(509): CodeIgniter\CodeIgniter->runController()
 5 SYSTEMPATH/CodeIgniter.php(355): CodeIgniter\CodeIgniter->handleRequest()
 6 SYSTEMPATH/Boot.php(312): CodeIgniter\CodeIgniter->run()
 7 SYSTEMPATH/Boot.php(67): CodeIgniter\Boot::runCodeIgniter()
 8 FCPATH/index.php(56): CodeIgniter\Boot::bootWeb()
