ERROR - 2024-05-15 13:06:34 --> Error connecting to the database: mysqli_sql_exception: Unknown database 'ci4' in /var/www/html/api/web/system/Database/MySQLi/Connection.php:187
Stack trace:
#0 /var/www/html/api/web/system/Database/MySQLi/Connection.php(187): mysqli->real_connect()
#1 /var/www/html/api/web/system/Database/BaseConnection.php(421): CodeIgniter\Database\MySQLi\Connection->connect()
#2 /var/www/html/api/web/system/Database/BaseConnection.php(604): CodeIgniter\Database\BaseConnection->initialize()
#3 /var/www/html/api/web/system/Database/BaseConnection.php(1471): CodeIgniter\Database\BaseConnection->query()
#4 /var/www/html/api/web/system/Database/BaseConnection.php(1490): CodeIgniter\Database\BaseConnection->listTables()
#5 /var/www/html/api/web/system/Database/MigrationRunner.php(759): CodeIgniter\Database\BaseConnection->tableExists()
#6 /var/www/html/api/web/system/Database/MigrationRunner.php(163): CodeIgniter\Database\MigrationRunner->ensureTable()
#7 /var/www/html/api/web/system/Commands/Database/Migrate.php(85): CodeIgniter\Database\MigrationRunner->latest()
#8 /var/www/html/api/web/system/CLI/Commands.php(70): CodeIgniter\Commands\Database\Migrate->run()
#9 /var/www/html/api/web/system/CLI/Console.php(48): CodeIgniter\CLI\Commands->run()
#10 /var/www/html/api/web/system/Boot.php(338): CodeIgniter\CLI\Console->run()
#11 /var/www/html/api/web/system/Boot.php(104): CodeIgniter\Boot::runCommand()
#12 /var/www/html/api/web/spark(84): CodeIgniter\Boot::bootSpark()
#13 {main}

Next CodeIgniter\Database\Exceptions\DatabaseException: Unknown database 'ci4' in /var/www/html/api/web/system/Database/MySQLi/Connection.php:231
Stack trace:
#0 /var/www/html/api/web/system/Database/BaseConnection.php(421): CodeIgniter\Database\MySQLi\Connection->connect()
#1 /var/www/html/api/web/system/Database/BaseConnection.php(604): CodeIgniter\Database\BaseConnection->initialize()
#2 /var/www/html/api/web/system/Database/BaseConnection.php(1471): CodeIgniter\Database\BaseConnection->query()
#3 /var/www/html/api/web/system/Database/BaseConnection.php(1490): CodeIgniter\Database\BaseConnection->listTables()
#4 /var/www/html/api/web/system/Database/MigrationRunner.php(759): CodeIgniter\Database\BaseConnection->tableExists()
#5 /var/www/html/api/web/system/Database/MigrationRunner.php(163): CodeIgniter\Database\MigrationRunner->ensureTable()
#6 /var/www/html/api/web/system/Commands/Database/Migrate.php(85): CodeIgniter\Database\MigrationRunner->latest()
#7 /var/www/html/api/web/system/CLI/Commands.php(70): CodeIgniter\Commands\Database\Migrate->run()
#8 /var/www/html/api/web/system/CLI/Console.php(48): CodeIgniter\CLI\Commands->run()
#9 /var/www/html/api/web/system/Boot.php(338): CodeIgniter\CLI\Console->run()
#10 /var/www/html/api/web/system/Boot.php(104): CodeIgniter\Boot::runCommand()
#11 /var/www/html/api/web/spark(84): CodeIgniter\Boot::bootSpark()
#12 {main}
ERROR - 2024-05-15 13:08:55 --> Error connecting to the database: Error: Call to undefined function CodeIgniter\Database\MySQLi\mysqli_init() in /var/www/html/system/Database/MySQLi/Connection.php:105
Stack trace:
#0 /var/www/html/system/Database/BaseConnection.php(421): CodeIgniter\Database\MySQLi\Connection->connect(false)
#1 /var/www/html/system/Database/BaseConnection.php(604): CodeIgniter\Database\BaseConnection->initialize()
#2 /var/www/html/app/Controllers/Home.php(13): CodeIgniter\Database\BaseConnection->query('SELECT SCHEMA_N...')
#3 /var/www/html/system/CodeIgniter.php(933): App\Controllers\Home->index()
#4 /var/www/html/system/CodeIgniter.php(509): CodeIgniter\CodeIgniter->runController(Object(App\Controllers\Home))
#5 /var/www/html/system/CodeIgniter.php(355): CodeIgniter\CodeIgniter->handleRequest(NULL, Object(Config\Cache), false)
#6 /var/www/html/system/Boot.php(312): CodeIgniter\CodeIgniter->run()
#7 /var/www/html/system/Boot.php(67): CodeIgniter\Boot::runCodeIgniter(Object(CodeIgniter\CodeIgniter))
#8 /var/www/html/public/index.php(56): CodeIgniter\Boot::bootWeb(Object(Config\Paths))
#9 {main}
CRITICAL - 2024-05-15 13:08:55 --> CodeIgniter\Database\Exceptions\DatabaseException: Unable to connect to the database.
Main connection [MySQLi]: Call to undefined function CodeIgniter\Database\MySQLi\mysqli_init()
[Method: GET, Route: /]
in SYSTEMPATH/Database/BaseConnection.php on line 457.
 1 SYSTEMPATH/Database/BaseConnection.php(604): CodeIgniter\Database\BaseConnection->initialize()
 2 APPPATH/Controllers/Home.php(13): CodeIgniter\Database\BaseConnection->query('SELECT SCHEMA_NAME FROM INFORMATION_SCHEMA.SCHEMATA WHERE SCHEMA_NAME=\'yourDbName\'')
 3 SYSTEMPATH/CodeIgniter.php(933): App\Controllers\Home->index()
 4 SYSTEMPATH/CodeIgniter.php(509): CodeIgniter\CodeIgniter->runController(Object(App\Controllers\Home))
 5 SYSTEMPATH/CodeIgniter.php(355): CodeIgniter\CodeIgniter->handleRequest(null, Object(Config\Cache), false)
 6 SYSTEMPATH/Boot.php(312): CodeIgniter\CodeIgniter->run()
 7 SYSTEMPATH/Boot.php(67): CodeIgniter\Boot::runCodeIgniter(Object(CodeIgniter\CodeIgniter))
 8 FCPATH/index.php(56): CodeIgniter\Boot::bootWeb(Object(Config\Paths))
ERROR - 2024-05-15 13:13:27 --> Error connecting to the database: Error: Call to undefined function CodeIgniter\Database\MySQLi\mysqli_init() in /var/www/html/system/Database/MySQLi/Connection.php:105
Stack trace:
#0 /var/www/html/system/Database/BaseConnection.php(421): CodeIgniter\Database\MySQLi\Connection->connect(false)
#1 /var/www/html/system/Database/BaseConnection.php(604): CodeIgniter\Database\BaseConnection->initialize()
#2 /var/www/html/app/Controllers/Home.php(13): CodeIgniter\Database\BaseConnection->query('SELECT SCHEMA_N...')
#3 /var/www/html/system/CodeIgniter.php(933): App\Controllers\Home->index()
#4 /var/www/html/system/CodeIgniter.php(509): CodeIgniter\CodeIgniter->runController(Object(App\Controllers\Home))
#5 /var/www/html/system/CodeIgniter.php(355): CodeIgniter\CodeIgniter->handleRequest(NULL, Object(Config\Cache), false)
#6 /var/www/html/system/Boot.php(312): CodeIgniter\CodeIgniter->run()
#7 /var/www/html/system/Boot.php(67): CodeIgniter\Boot::runCodeIgniter(Object(CodeIgniter\CodeIgniter))
#8 /var/www/html/public/index.php(56): CodeIgniter\Boot::bootWeb(Object(Config\Paths))
#9 {main}
CRITICAL - 2024-05-15 13:13:27 --> CodeIgniter\Database\Exceptions\DatabaseException: Unable to connect to the database.
Main connection [MySQLi]: Call to undefined function CodeIgniter\Database\MySQLi\mysqli_init()
[Method: GET, Route: /]
in SYSTEMPATH/Database/BaseConnection.php on line 457.
 1 SYSTEMPATH/Database/BaseConnection.php(604): CodeIgniter\Database\BaseConnection->initialize()
 2 APPPATH/Controllers/Home.php(13): CodeIgniter\Database\BaseConnection->query('SELECT SCHEMA_NAME FROM INFORMATION_SCHEMA.SCHEMATA WHERE SCHEMA_NAME=\'yourDbName\'')
 3 SYSTEMPATH/CodeIgniter.php(933): App\Controllers\Home->index()
 4 SYSTEMPATH/CodeIgniter.php(509): CodeIgniter\CodeIgniter->runController(Object(App\Controllers\Home))
 5 SYSTEMPATH/CodeIgniter.php(355): CodeIgniter\CodeIgniter->handleRequest(null, Object(Config\Cache), false)
 6 SYSTEMPATH/Boot.php(312): CodeIgniter\CodeIgniter->run()
 7 SYSTEMPATH/Boot.php(67): CodeIgniter\Boot::runCodeIgniter(Object(CodeIgniter\CodeIgniter))
 8 FCPATH/index.php(56): CodeIgniter\Boot::bootWeb(Object(Config\Paths))
ERROR - 2024-05-15 13:16:35 --> Error connecting to the database: Error: Call to undefined function CodeIgniter\Database\MySQLi\mysqli_init() in /var/www/html/system/Database/MySQLi/Connection.php:105
Stack trace:
#0 /var/www/html/system/Database/BaseConnection.php(421): CodeIgniter\Database\MySQLi\Connection->connect(false)
#1 /var/www/html/system/Database/BaseConnection.php(604): CodeIgniter\Database\BaseConnection->initialize()
#2 /var/www/html/app/Controllers/Home.php(13): CodeIgniter\Database\BaseConnection->query('SELECT SCHEMA_N...')
#3 /var/www/html/system/CodeIgniter.php(933): App\Controllers\Home->index()
#4 /var/www/html/system/CodeIgniter.php(509): CodeIgniter\CodeIgniter->runController(Object(App\Controllers\Home))
#5 /var/www/html/system/CodeIgniter.php(355): CodeIgniter\CodeIgniter->handleRequest(NULL, Object(Config\Cache), false)
#6 /var/www/html/system/Boot.php(312): CodeIgniter\CodeIgniter->run()
#7 /var/www/html/system/Boot.php(67): CodeIgniter\Boot::runCodeIgniter(Object(CodeIgniter\CodeIgniter))
#8 /var/www/html/public/index.php(56): CodeIgniter\Boot::bootWeb(Object(Config\Paths))
#9 {main}
CRITICAL - 2024-05-15 13:16:35 --> CodeIgniter\Database\Exceptions\DatabaseException: Unable to connect to the database.
Main connection [MySQLi]: Call to undefined function CodeIgniter\Database\MySQLi\mysqli_init()
[Method: GET, Route: /]
in SYSTEMPATH/Database/BaseConnection.php on line 457.
 1 SYSTEMPATH/Database/BaseConnection.php(604): CodeIgniter\Database\BaseConnection->initialize()
 2 APPPATH/Controllers/Home.php(13): CodeIgniter\Database\BaseConnection->query('SELECT SCHEMA_NAME FROM INFORMATION_SCHEMA.SCHEMATA WHERE SCHEMA_NAME=\'yourDbName\'')
 3 SYSTEMPATH/CodeIgniter.php(933): App\Controllers\Home->index()
 4 SYSTEMPATH/CodeIgniter.php(509): CodeIgniter\CodeIgniter->runController(Object(App\Controllers\Home))
 5 SYSTEMPATH/CodeIgniter.php(355): CodeIgniter\CodeIgniter->handleRequest(null, Object(Config\Cache), false)
 6 SYSTEMPATH/Boot.php(312): CodeIgniter\CodeIgniter->run()
 7 SYSTEMPATH/Boot.php(67): CodeIgniter\Boot::runCodeIgniter(Object(CodeIgniter\CodeIgniter))
 8 FCPATH/index.php(56): CodeIgniter\Boot::bootWeb(Object(Config\Paths))
ERROR - 2024-05-15 13:18:01 --> Error connecting to the database: Error: Call to undefined function CodeIgniter\Database\MySQLi\mysqli_init() in /var/www/html/system/Database/MySQLi/Connection.php:105
Stack trace:
#0 /var/www/html/system/Database/BaseConnection.php(421): CodeIgniter\Database\MySQLi\Connection->connect(false)
#1 /var/www/html/system/Database/BaseConnection.php(604): CodeIgniter\Database\BaseConnection->initialize()
#2 /var/www/html/app/Controllers/Home.php(13): CodeIgniter\Database\BaseConnection->query('SELECT SCHEMA_N...')
#3 /var/www/html/system/CodeIgniter.php(933): App\Controllers\Home->index()
#4 /var/www/html/system/CodeIgniter.php(509): CodeIgniter\CodeIgniter->runController(Object(App\Controllers\Home))
#5 /var/www/html/system/CodeIgniter.php(355): CodeIgniter\CodeIgniter->handleRequest(NULL, Object(Config\Cache), false)
#6 /var/www/html/system/Boot.php(312): CodeIgniter\CodeIgniter->run()
#7 /var/www/html/system/Boot.php(67): CodeIgniter\Boot::runCodeIgniter(Object(CodeIgniter\CodeIgniter))
#8 /var/www/html/public/index.php(56): CodeIgniter\Boot::bootWeb(Object(Config\Paths))
#9 {main}
CRITICAL - 2024-05-15 13:18:01 --> CodeIgniter\Database\Exceptions\DatabaseException: Unable to connect to the database.
Main connection [MySQLi]: Call to undefined function CodeIgniter\Database\MySQLi\mysqli_init()
[Method: GET, Route: /]
in SYSTEMPATH/Database/BaseConnection.php on line 457.
 1 SYSTEMPATH/Database/BaseConnection.php(604): CodeIgniter\Database\BaseConnection->initialize()
 2 APPPATH/Controllers/Home.php(13): CodeIgniter\Database\BaseConnection->query('SELECT SCHEMA_NAME FROM INFORMATION_SCHEMA.SCHEMATA WHERE SCHEMA_NAME=\'yourDbName\'')
 3 SYSTEMPATH/CodeIgniter.php(933): App\Controllers\Home->index()
 4 SYSTEMPATH/CodeIgniter.php(509): CodeIgniter\CodeIgniter->runController(Object(App\Controllers\Home))
 5 SYSTEMPATH/CodeIgniter.php(355): CodeIgniter\CodeIgniter->handleRequest(null, Object(Config\Cache), false)
 6 SYSTEMPATH/Boot.php(312): CodeIgniter\CodeIgniter->run()
 7 SYSTEMPATH/Boot.php(67): CodeIgniter\Boot::runCodeIgniter(Object(CodeIgniter\CodeIgniter))
 8 FCPATH/index.php(56): CodeIgniter\Boot::bootWeb(Object(Config\Paths))
ERROR - 2024-05-15 13:18:05 --> Error connecting to the database: Error: Call to undefined function CodeIgniter\Database\MySQLi\mysqli_init() in /var/www/html/system/Database/MySQLi/Connection.php:105
Stack trace:
#0 /var/www/html/system/Database/BaseConnection.php(421): CodeIgniter\Database\MySQLi\Connection->connect(false)
#1 /var/www/html/system/Database/BaseConnection.php(604): CodeIgniter\Database\BaseConnection->initialize()
#2 /var/www/html/app/Controllers/Home.php(13): CodeIgniter\Database\BaseConnection->query('SELECT SCHEMA_N...')
#3 /var/www/html/system/CodeIgniter.php(933): App\Controllers\Home->index()
#4 /var/www/html/system/CodeIgniter.php(509): CodeIgniter\CodeIgniter->runController(Object(App\Controllers\Home))
#5 /var/www/html/system/CodeIgniter.php(355): CodeIgniter\CodeIgniter->handleRequest(NULL, Object(Config\Cache), false)
#6 /var/www/html/system/Boot.php(312): CodeIgniter\CodeIgniter->run()
#7 /var/www/html/system/Boot.php(67): CodeIgniter\Boot::runCodeIgniter(Object(CodeIgniter\CodeIgniter))
#8 /var/www/html/public/index.php(56): CodeIgniter\Boot::bootWeb(Object(Config\Paths))
#9 {main}
CRITICAL - 2024-05-15 13:18:05 --> CodeIgniter\Database\Exceptions\DatabaseException: Unable to connect to the database.
Main connection [MySQLi]: Call to undefined function CodeIgniter\Database\MySQLi\mysqli_init()
[Method: GET, Route: /]
in SYSTEMPATH/Database/BaseConnection.php on line 457.
 1 SYSTEMPATH/Database/BaseConnection.php(604): CodeIgniter\Database\BaseConnection->initialize()
 2 APPPATH/Controllers/Home.php(13): CodeIgniter\Database\BaseConnection->query('SELECT SCHEMA_NAME FROM INFORMATION_SCHEMA.SCHEMATA WHERE SCHEMA_NAME=\'yourDbName\'')
 3 SYSTEMPATH/CodeIgniter.php(933): App\Controllers\Home->index()
 4 SYSTEMPATH/CodeIgniter.php(509): CodeIgniter\CodeIgniter->runController(Object(App\Controllers\Home))
 5 SYSTEMPATH/CodeIgniter.php(355): CodeIgniter\CodeIgniter->handleRequest(null, Object(Config\Cache), false)
 6 SYSTEMPATH/Boot.php(312): CodeIgniter\CodeIgniter->run()
 7 SYSTEMPATH/Boot.php(67): CodeIgniter\Boot::runCodeIgniter(Object(CodeIgniter\CodeIgniter))
 8 FCPATH/index.php(56): CodeIgniter\Boot::bootWeb(Object(Config\Paths))
ERROR - 2024-05-15 13:18:21 --> Error connecting to the database: Error: Call to undefined function CodeIgniter\Database\MySQLi\mysqli_init() in /var/www/html/system/Database/MySQLi/Connection.php:105
Stack trace:
#0 /var/www/html/system/Database/BaseConnection.php(421): CodeIgniter\Database\MySQLi\Connection->connect(false)
#1 /var/www/html/system/Database/BaseConnection.php(604): CodeIgniter\Database\BaseConnection->initialize()
#2 /var/www/html/app/Controllers/Home.php(13): CodeIgniter\Database\BaseConnection->query('SELECT SCHEMA_N...')
#3 /var/www/html/system/CodeIgniter.php(933): App\Controllers\Home->index()
#4 /var/www/html/system/CodeIgniter.php(509): CodeIgniter\CodeIgniter->runController(Object(App\Controllers\Home))
#5 /var/www/html/system/CodeIgniter.php(355): CodeIgniter\CodeIgniter->handleRequest(NULL, Object(Config\Cache), false)
#6 /var/www/html/system/Boot.php(312): CodeIgniter\CodeIgniter->run()
#7 /var/www/html/system/Boot.php(67): CodeIgniter\Boot::runCodeIgniter(Object(CodeIgniter\CodeIgniter))
#8 /var/www/html/public/index.php(56): CodeIgniter\Boot::bootWeb(Object(Config\Paths))
#9 {main}
CRITICAL - 2024-05-15 13:18:21 --> CodeIgniter\Database\Exceptions\DatabaseException: Unable to connect to the database.
Main connection [MySQLi]: Call to undefined function CodeIgniter\Database\MySQLi\mysqli_init()
[Method: GET, Route: /]
in SYSTEMPATH/Database/BaseConnection.php on line 457.
 1 SYSTEMPATH/Database/BaseConnection.php(604): CodeIgniter\Database\BaseConnection->initialize()
 2 APPPATH/Controllers/Home.php(13): CodeIgniter\Database\BaseConnection->query('SELECT SCHEMA_NAME FROM INFORMATION_SCHEMA.SCHEMATA WHERE SCHEMA_NAME=\'yourDbName\'')
 3 SYSTEMPATH/CodeIgniter.php(933): App\Controllers\Home->index()
 4 SYSTEMPATH/CodeIgniter.php(509): CodeIgniter\CodeIgniter->runController(Object(App\Controllers\Home))
 5 SYSTEMPATH/CodeIgniter.php(355): CodeIgniter\CodeIgniter->handleRequest(null, Object(Config\Cache), false)
 6 SYSTEMPATH/Boot.php(312): CodeIgniter\CodeIgniter->run()
 7 SYSTEMPATH/Boot.php(67): CodeIgniter\Boot::runCodeIgniter(Object(CodeIgniter\CodeIgniter))
 8 FCPATH/index.php(56): CodeIgniter\Boot::bootWeb(Object(Config\Paths))
ERROR - 2024-05-15 13:18:27 --> Error connecting to the database: Error: Call to undefined function CodeIgniter\Database\MySQLi\mysqli_init() in /var/www/html/system/Database/MySQLi/Connection.php:105
Stack trace:
#0 /var/www/html/system/Database/BaseConnection.php(421): CodeIgniter\Database\MySQLi\Connection->connect(false)
#1 /var/www/html/system/Database/BaseConnection.php(604): CodeIgniter\Database\BaseConnection->initialize()
#2 /var/www/html/app/Controllers/Home.php(13): CodeIgniter\Database\BaseConnection->query('SELECT SCHEMA_N...')
#3 /var/www/html/system/CodeIgniter.php(933): App\Controllers\Home->index()
#4 /var/www/html/system/CodeIgniter.php(509): CodeIgniter\CodeIgniter->runController(Object(App\Controllers\Home))
#5 /var/www/html/system/CodeIgniter.php(355): CodeIgniter\CodeIgniter->handleRequest(NULL, Object(Config\Cache), false)
#6 /var/www/html/system/Boot.php(312): CodeIgniter\CodeIgniter->run()
#7 /var/www/html/system/Boot.php(67): CodeIgniter\Boot::runCodeIgniter(Object(CodeIgniter\CodeIgniter))
#8 /var/www/html/public/index.php(56): CodeIgniter\Boot::bootWeb(Object(Config\Paths))
#9 {main}
CRITICAL - 2024-05-15 13:18:27 --> CodeIgniter\Database\Exceptions\DatabaseException: Unable to connect to the database.
Main connection [MySQLi]: Call to undefined function CodeIgniter\Database\MySQLi\mysqli_init()
[Method: GET, Route: /]
in SYSTEMPATH/Database/BaseConnection.php on line 457.
 1 SYSTEMPATH/Database/BaseConnection.php(604): CodeIgniter\Database\BaseConnection->initialize()
 2 APPPATH/Controllers/Home.php(13): CodeIgniter\Database\BaseConnection->query('SELECT SCHEMA_NAME FROM INFORMATION_SCHEMA.SCHEMATA WHERE SCHEMA_NAME=\'yourDbName\'')
 3 SYSTEMPATH/CodeIgniter.php(933): App\Controllers\Home->index()
 4 SYSTEMPATH/CodeIgniter.php(509): CodeIgniter\CodeIgniter->runController(Object(App\Controllers\Home))
 5 SYSTEMPATH/CodeIgniter.php(355): CodeIgniter\CodeIgniter->handleRequest(null, Object(Config\Cache), false)
 6 SYSTEMPATH/Boot.php(312): CodeIgniter\CodeIgniter->run()
 7 SYSTEMPATH/Boot.php(67): CodeIgniter\Boot::runCodeIgniter(Object(CodeIgniter\CodeIgniter))
 8 FCPATH/index.php(56): CodeIgniter\Boot::bootWeb(Object(Config\Paths))
ERROR - 2024-05-15 13:18:27 --> Error connecting to the database: Error: Call to undefined function CodeIgniter\Database\MySQLi\mysqli_init() in /var/www/html/system/Database/MySQLi/Connection.php:105
Stack trace:
#0 /var/www/html/system/Database/BaseConnection.php(421): CodeIgniter\Database\MySQLi\Connection->connect(false)
#1 /var/www/html/system/Database/BaseConnection.php(604): CodeIgniter\Database\BaseConnection->initialize()
#2 /var/www/html/app/Controllers/Home.php(13): CodeIgniter\Database\BaseConnection->query('SELECT SCHEMA_N...')
#3 /var/www/html/system/CodeIgniter.php(933): App\Controllers\Home->index()
#4 /var/www/html/system/CodeIgniter.php(509): CodeIgniter\CodeIgniter->runController(Object(App\Controllers\Home))
#5 /var/www/html/system/CodeIgniter.php(355): CodeIgniter\CodeIgniter->handleRequest(NULL, Object(Config\Cache), false)
#6 /var/www/html/system/Boot.php(312): CodeIgniter\CodeIgniter->run()
#7 /var/www/html/system/Boot.php(67): CodeIgniter\Boot::runCodeIgniter(Object(CodeIgniter\CodeIgniter))
#8 /var/www/html/public/index.php(56): CodeIgniter\Boot::bootWeb(Object(Config\Paths))
#9 {main}
CRITICAL - 2024-05-15 13:18:27 --> CodeIgniter\Database\Exceptions\DatabaseException: Unable to connect to the database.
Main connection [MySQLi]: Call to undefined function CodeIgniter\Database\MySQLi\mysqli_init()
[Method: GET, Route: /]
in SYSTEMPATH/Database/BaseConnection.php on line 457.
 1 SYSTEMPATH/Database/BaseConnection.php(604): CodeIgniter\Database\BaseConnection->initialize()
 2 APPPATH/Controllers/Home.php(13): CodeIgniter\Database\BaseConnection->query('SELECT SCHEMA_NAME FROM INFORMATION_SCHEMA.SCHEMATA WHERE SCHEMA_NAME=\'yourDbName\'')
 3 SYSTEMPATH/CodeIgniter.php(933): App\Controllers\Home->index()
 4 SYSTEMPATH/CodeIgniter.php(509): CodeIgniter\CodeIgniter->runController(Object(App\Controllers\Home))
 5 SYSTEMPATH/CodeIgniter.php(355): CodeIgniter\CodeIgniter->handleRequest(null, Object(Config\Cache), false)
 6 SYSTEMPATH/Boot.php(312): CodeIgniter\CodeIgniter->run()
 7 SYSTEMPATH/Boot.php(67): CodeIgniter\Boot::runCodeIgniter(Object(CodeIgniter\CodeIgniter))
 8 FCPATH/index.php(56): CodeIgniter\Boot::bootWeb(Object(Config\Paths))
ERROR - 2024-05-15 13:18:27 --> Error connecting to the database: Error: Call to undefined function CodeIgniter\Database\MySQLi\mysqli_init() in /var/www/html/system/Database/MySQLi/Connection.php:105
Stack trace:
#0 /var/www/html/system/Database/BaseConnection.php(421): CodeIgniter\Database\MySQLi\Connection->connect(false)
#1 /var/www/html/system/Database/BaseConnection.php(604): CodeIgniter\Database\BaseConnection->initialize()
#2 /var/www/html/app/Controllers/Home.php(13): CodeIgniter\Database\BaseConnection->query('SELECT SCHEMA_N...')
#3 /var/www/html/system/CodeIgniter.php(933): App\Controllers\Home->index()
#4 /var/www/html/system/CodeIgniter.php(509): CodeIgniter\CodeIgniter->runController(Object(App\Controllers\Home))
#5 /var/www/html/system/CodeIgniter.php(355): CodeIgniter\CodeIgniter->handleRequest(NULL, Object(Config\Cache), false)
#6 /var/www/html/system/Boot.php(312): CodeIgniter\CodeIgniter->run()
#7 /var/www/html/system/Boot.php(67): CodeIgniter\Boot::runCodeIgniter(Object(CodeIgniter\CodeIgniter))
#8 /var/www/html/public/index.php(56): CodeIgniter\Boot::bootWeb(Object(Config\Paths))
#9 {main}
CRITICAL - 2024-05-15 13:18:27 --> CodeIgniter\Database\Exceptions\DatabaseException: Unable to connect to the database.
Main connection [MySQLi]: Call to undefined function CodeIgniter\Database\MySQLi\mysqli_init()
[Method: GET, Route: /]
in SYSTEMPATH/Database/BaseConnection.php on line 457.
 1 SYSTEMPATH/Database/BaseConnection.php(604): CodeIgniter\Database\BaseConnection->initialize()
 2 APPPATH/Controllers/Home.php(13): CodeIgniter\Database\BaseConnection->query('SELECT SCHEMA_NAME FROM INFORMATION_SCHEMA.SCHEMATA WHERE SCHEMA_NAME=\'yourDbName\'')
 3 SYSTEMPATH/CodeIgniter.php(933): App\Controllers\Home->index()
 4 SYSTEMPATH/CodeIgniter.php(509): CodeIgniter\CodeIgniter->runController(Object(App\Controllers\Home))
 5 SYSTEMPATH/CodeIgniter.php(355): CodeIgniter\CodeIgniter->handleRequest(null, Object(Config\Cache), false)
 6 SYSTEMPATH/Boot.php(312): CodeIgniter\CodeIgniter->run()
 7 SYSTEMPATH/Boot.php(67): CodeIgniter\Boot::runCodeIgniter(Object(CodeIgniter\CodeIgniter))
 8 FCPATH/index.php(56): CodeIgniter\Boot::bootWeb(Object(Config\Paths))
ERROR - 2024-05-15 13:18:28 --> Error connecting to the database: Error: Call to undefined function CodeIgniter\Database\MySQLi\mysqli_init() in /var/www/html/system/Database/MySQLi/Connection.php:105
Stack trace:
#0 /var/www/html/system/Database/BaseConnection.php(421): CodeIgniter\Database\MySQLi\Connection->connect(false)
#1 /var/www/html/system/Database/BaseConnection.php(604): CodeIgniter\Database\BaseConnection->initialize()
#2 /var/www/html/app/Controllers/Home.php(13): CodeIgniter\Database\BaseConnection->query('SELECT SCHEMA_N...')
#3 /var/www/html/system/CodeIgniter.php(933): App\Controllers\Home->index()
#4 /var/www/html/system/CodeIgniter.php(509): CodeIgniter\CodeIgniter->runController(Object(App\Controllers\Home))
#5 /var/www/html/system/CodeIgniter.php(355): CodeIgniter\CodeIgniter->handleRequest(NULL, Object(Config\Cache), false)
#6 /var/www/html/system/Boot.php(312): CodeIgniter\CodeIgniter->run()
#7 /var/www/html/system/Boot.php(67): CodeIgniter\Boot::runCodeIgniter(Object(CodeIgniter\CodeIgniter))
#8 /var/www/html/public/index.php(56): CodeIgniter\Boot::bootWeb(Object(Config\Paths))
#9 {main}
CRITICAL - 2024-05-15 13:18:28 --> CodeIgniter\Database\Exceptions\DatabaseException: Unable to connect to the database.
Main connection [MySQLi]: Call to undefined function CodeIgniter\Database\MySQLi\mysqli_init()
[Method: GET, Route: /]
in SYSTEMPATH/Database/BaseConnection.php on line 457.
 1 SYSTEMPATH/Database/BaseConnection.php(604): CodeIgniter\Database\BaseConnection->initialize()
 2 APPPATH/Controllers/Home.php(13): CodeIgniter\Database\BaseConnection->query('SELECT SCHEMA_NAME FROM INFORMATION_SCHEMA.SCHEMATA WHERE SCHEMA_NAME=\'yourDbName\'')
 3 SYSTEMPATH/CodeIgniter.php(933): App\Controllers\Home->index()
 4 SYSTEMPATH/CodeIgniter.php(509): CodeIgniter\CodeIgniter->runController(Object(App\Controllers\Home))
 5 SYSTEMPATH/CodeIgniter.php(355): CodeIgniter\CodeIgniter->handleRequest(null, Object(Config\Cache), false)
 6 SYSTEMPATH/Boot.php(312): CodeIgniter\CodeIgniter->run()
 7 SYSTEMPATH/Boot.php(67): CodeIgniter\Boot::runCodeIgniter(Object(CodeIgniter\CodeIgniter))
 8 FCPATH/index.php(56): CodeIgniter\Boot::bootWeb(Object(Config\Paths))
ERROR - 2024-05-15 13:18:28 --> Error connecting to the database: Error: Call to undefined function CodeIgniter\Database\MySQLi\mysqli_init() in /var/www/html/system/Database/MySQLi/Connection.php:105
Stack trace:
#0 /var/www/html/system/Database/BaseConnection.php(421): CodeIgniter\Database\MySQLi\Connection->connect(false)
#1 /var/www/html/system/Database/BaseConnection.php(604): CodeIgniter\Database\BaseConnection->initialize()
#2 /var/www/html/app/Controllers/Home.php(13): CodeIgniter\Database\BaseConnection->query('SELECT SCHEMA_N...')
#3 /var/www/html/system/CodeIgniter.php(933): App\Controllers\Home->index()
#4 /var/www/html/system/CodeIgniter.php(509): CodeIgniter\CodeIgniter->runController(Object(App\Controllers\Home))
#5 /var/www/html/system/CodeIgniter.php(355): CodeIgniter\CodeIgniter->handleRequest(NULL, Object(Config\Cache), false)
#6 /var/www/html/system/Boot.php(312): CodeIgniter\CodeIgniter->run()
#7 /var/www/html/system/Boot.php(67): CodeIgniter\Boot::runCodeIgniter(Object(CodeIgniter\CodeIgniter))
#8 /var/www/html/public/index.php(56): CodeIgniter\Boot::bootWeb(Object(Config\Paths))
#9 {main}
CRITICAL - 2024-05-15 13:18:28 --> CodeIgniter\Database\Exceptions\DatabaseException: Unable to connect to the database.
Main connection [MySQLi]: Call to undefined function CodeIgniter\Database\MySQLi\mysqli_init()
[Method: GET, Route: /]
in SYSTEMPATH/Database/BaseConnection.php on line 457.
 1 SYSTEMPATH/Database/BaseConnection.php(604): CodeIgniter\Database\BaseConnection->initialize()
 2 APPPATH/Controllers/Home.php(13): CodeIgniter\Database\BaseConnection->query('SELECT SCHEMA_NAME FROM INFORMATION_SCHEMA.SCHEMATA WHERE SCHEMA_NAME=\'yourDbName\'')
 3 SYSTEMPATH/CodeIgniter.php(933): App\Controllers\Home->index()
 4 SYSTEMPATH/CodeIgniter.php(509): CodeIgniter\CodeIgniter->runController(Object(App\Controllers\Home))
 5 SYSTEMPATH/CodeIgniter.php(355): CodeIgniter\CodeIgniter->handleRequest(null, Object(Config\Cache), false)
 6 SYSTEMPATH/Boot.php(312): CodeIgniter\CodeIgniter->run()
 7 SYSTEMPATH/Boot.php(67): CodeIgniter\Boot::runCodeIgniter(Object(CodeIgniter\CodeIgniter))
 8 FCPATH/index.php(56): CodeIgniter\Boot::bootWeb(Object(Config\Paths))
ERROR - 2024-05-15 13:18:57 --> Error connecting to the database: Error: Call to undefined function CodeIgniter\Database\MySQLi\mysqli_init() in /var/www/html/system/Database/MySQLi/Connection.php:105
Stack trace:
#0 /var/www/html/system/Database/BaseConnection.php(421): CodeIgniter\Database\MySQLi\Connection->connect(false)
#1 /var/www/html/system/Database/BaseConnection.php(604): CodeIgniter\Database\BaseConnection->initialize()
#2 /var/www/html/app/Controllers/Home.php(13): CodeIgniter\Database\BaseConnection->query('SELECT SCHEMA_N...')
#3 /var/www/html/system/CodeIgniter.php(933): App\Controllers\Home->index()
#4 /var/www/html/system/CodeIgniter.php(509): CodeIgniter\CodeIgniter->runController(Object(App\Controllers\Home))
#5 /var/www/html/system/CodeIgniter.php(355): CodeIgniter\CodeIgniter->handleRequest(NULL, Object(Config\Cache), false)
#6 /var/www/html/system/Boot.php(312): CodeIgniter\CodeIgniter->run()
#7 /var/www/html/system/Boot.php(67): CodeIgniter\Boot::runCodeIgniter(Object(CodeIgniter\CodeIgniter))
#8 /var/www/html/public/index.php(56): CodeIgniter\Boot::bootWeb(Object(Config\Paths))
#9 {main}
CRITICAL - 2024-05-15 13:18:57 --> CodeIgniter\Database\Exceptions\DatabaseException: Unable to connect to the database.
Main connection [MySQLi]: Call to undefined function CodeIgniter\Database\MySQLi\mysqli_init()
[Method: GET, Route: /]
in SYSTEMPATH/Database/BaseConnection.php on line 457.
 1 SYSTEMPATH/Database/BaseConnection.php(604): CodeIgniter\Database\BaseConnection->initialize()
 2 APPPATH/Controllers/Home.php(13): CodeIgniter\Database\BaseConnection->query('SELECT SCHEMA_NAME FROM INFORMATION_SCHEMA.SCHEMATA WHERE SCHEMA_NAME=\'yourDbName\'')
 3 SYSTEMPATH/CodeIgniter.php(933): App\Controllers\Home->index()
 4 SYSTEMPATH/CodeIgniter.php(509): CodeIgniter\CodeIgniter->runController(Object(App\Controllers\Home))
 5 SYSTEMPATH/CodeIgniter.php(355): CodeIgniter\CodeIgniter->handleRequest(null, Object(Config\Cache), false)
 6 SYSTEMPATH/Boot.php(312): CodeIgniter\CodeIgniter->run()
 7 SYSTEMPATH/Boot.php(67): CodeIgniter\Boot::runCodeIgniter(Object(CodeIgniter\CodeIgniter))
 8 FCPATH/index.php(56): CodeIgniter\Boot::bootWeb(Object(Config\Paths))
ERROR - 2024-05-15 13:19:23 --> Error connecting to the database: Error: Call to undefined function CodeIgniter\Database\MySQLi\mysqli_init() in /var/www/html/system/Database/MySQLi/Connection.php:105
Stack trace:
#0 /var/www/html/system/Database/BaseConnection.php(421): CodeIgniter\Database\MySQLi\Connection->connect(false)
#1 /var/www/html/system/Database/BaseConnection.php(604): CodeIgniter\Database\BaseConnection->initialize()
#2 /var/www/html/app/Controllers/Home.php(13): CodeIgniter\Database\BaseConnection->query('SELECT SCHEMA_N...')
#3 /var/www/html/system/CodeIgniter.php(933): App\Controllers\Home->index()
#4 /var/www/html/system/CodeIgniter.php(509): CodeIgniter\CodeIgniter->runController(Object(App\Controllers\Home))
#5 /var/www/html/system/CodeIgniter.php(355): CodeIgniter\CodeIgniter->handleRequest(NULL, Object(Config\Cache), false)
#6 /var/www/html/system/Boot.php(312): CodeIgniter\CodeIgniter->run()
#7 /var/www/html/system/Boot.php(67): CodeIgniter\Boot::runCodeIgniter(Object(CodeIgniter\CodeIgniter))
#8 /var/www/html/public/index.php(56): CodeIgniter\Boot::bootWeb(Object(Config\Paths))
#9 {main}
CRITICAL - 2024-05-15 13:19:23 --> CodeIgniter\Database\Exceptions\DatabaseException: Unable to connect to the database.
Main connection [MySQLi]: Call to undefined function CodeIgniter\Database\MySQLi\mysqli_init()
[Method: GET, Route: /]
in SYSTEMPATH/Database/BaseConnection.php on line 457.
 1 SYSTEMPATH/Database/BaseConnection.php(604): CodeIgniter\Database\BaseConnection->initialize()
 2 APPPATH/Controllers/Home.php(13): CodeIgniter\Database\BaseConnection->query('SELECT SCHEMA_NAME FROM INFORMATION_SCHEMA.SCHEMATA WHERE SCHEMA_NAME=\'yourDbName\'')
 3 SYSTEMPATH/CodeIgniter.php(933): App\Controllers\Home->index()
 4 SYSTEMPATH/CodeIgniter.php(509): CodeIgniter\CodeIgniter->runController(Object(App\Controllers\Home))
 5 SYSTEMPATH/CodeIgniter.php(355): CodeIgniter\CodeIgniter->handleRequest(null, Object(Config\Cache), false)
 6 SYSTEMPATH/Boot.php(312): CodeIgniter\CodeIgniter->run()
 7 SYSTEMPATH/Boot.php(67): CodeIgniter\Boot::runCodeIgniter(Object(CodeIgniter\CodeIgniter))
 8 FCPATH/index.php(56): CodeIgniter\Boot::bootWeb(Object(Config\Paths))
ERROR - 2024-05-15 13:19:48 --> Error connecting to the database: Error: Call to undefined function CodeIgniter\Database\MySQLi\mysqli_init() in /var/www/html/system/Database/MySQLi/Connection.php:105
Stack trace:
#0 /var/www/html/system/Database/BaseConnection.php(421): CodeIgniter\Database\MySQLi\Connection->connect(false)
#1 /var/www/html/system/Database/BaseConnection.php(604): CodeIgniter\Database\BaseConnection->initialize()
#2 /var/www/html/app/Controllers/Home.php(13): CodeIgniter\Database\BaseConnection->query('SELECT SCHEMA_N...')
#3 /var/www/html/system/CodeIgniter.php(933): App\Controllers\Home->index()
#4 /var/www/html/system/CodeIgniter.php(509): CodeIgniter\CodeIgniter->runController(Object(App\Controllers\Home))
#5 /var/www/html/system/CodeIgniter.php(355): CodeIgniter\CodeIgniter->handleRequest(NULL, Object(Config\Cache), false)
#6 /var/www/html/system/Boot.php(312): CodeIgniter\CodeIgniter->run()
#7 /var/www/html/system/Boot.php(67): CodeIgniter\Boot::runCodeIgniter(Object(CodeIgniter\CodeIgniter))
#8 /var/www/html/public/index.php(56): CodeIgniter\Boot::bootWeb(Object(Config\Paths))
#9 {main}
CRITICAL - 2024-05-15 13:19:48 --> CodeIgniter\Database\Exceptions\DatabaseException: Unable to connect to the database.
Main connection [MySQLi]: Call to undefined function CodeIgniter\Database\MySQLi\mysqli_init()
[Method: GET, Route: /]
in SYSTEMPATH/Database/BaseConnection.php on line 457.
 1 SYSTEMPATH/Database/BaseConnection.php(604): CodeIgniter\Database\BaseConnection->initialize()
 2 APPPATH/Controllers/Home.php(13): CodeIgniter\Database\BaseConnection->query('SELECT SCHEMA_NAME FROM INFORMATION_SCHEMA.SCHEMATA WHERE SCHEMA_NAME=\'yourDbName\'')
 3 SYSTEMPATH/CodeIgniter.php(933): App\Controllers\Home->index()
 4 SYSTEMPATH/CodeIgniter.php(509): CodeIgniter\CodeIgniter->runController(Object(App\Controllers\Home))
 5 SYSTEMPATH/CodeIgniter.php(355): CodeIgniter\CodeIgniter->handleRequest(null, Object(Config\Cache), false)
 6 SYSTEMPATH/Boot.php(312): CodeIgniter\CodeIgniter->run()
 7 SYSTEMPATH/Boot.php(67): CodeIgniter\Boot::runCodeIgniter(Object(CodeIgniter\CodeIgniter))
 8 FCPATH/index.php(56): CodeIgniter\Boot::bootWeb(Object(Config\Paths))
ERROR - 2024-05-15 13:19:50 --> Error connecting to the database: Error: Call to undefined function CodeIgniter\Database\MySQLi\mysqli_init() in /var/www/html/system/Database/MySQLi/Connection.php:105
Stack trace:
#0 /var/www/html/system/Database/BaseConnection.php(421): CodeIgniter\Database\MySQLi\Connection->connect(false)
#1 /var/www/html/system/Database/BaseConnection.php(604): CodeIgniter\Database\BaseConnection->initialize()
#2 /var/www/html/app/Controllers/Home.php(13): CodeIgniter\Database\BaseConnection->query('SELECT SCHEMA_N...')
#3 /var/www/html/system/CodeIgniter.php(933): App\Controllers\Home->index()
#4 /var/www/html/system/CodeIgniter.php(509): CodeIgniter\CodeIgniter->runController(Object(App\Controllers\Home))
#5 /var/www/html/system/CodeIgniter.php(355): CodeIgniter\CodeIgniter->handleRequest(NULL, Object(Config\Cache), false)
#6 /var/www/html/system/Boot.php(312): CodeIgniter\CodeIgniter->run()
#7 /var/www/html/system/Boot.php(67): CodeIgniter\Boot::runCodeIgniter(Object(CodeIgniter\CodeIgniter))
#8 /var/www/html/public/index.php(56): CodeIgniter\Boot::bootWeb(Object(Config\Paths))
#9 {main}
CRITICAL - 2024-05-15 13:19:50 --> CodeIgniter\Database\Exceptions\DatabaseException: Unable to connect to the database.
Main connection [MySQLi]: Call to undefined function CodeIgniter\Database\MySQLi\mysqli_init()
[Method: GET, Route: /]
in SYSTEMPATH/Database/BaseConnection.php on line 457.
 1 SYSTEMPATH/Database/BaseConnection.php(604): CodeIgniter\Database\BaseConnection->initialize()
 2 APPPATH/Controllers/Home.php(13): CodeIgniter\Database\BaseConnection->query('SELECT SCHEMA_NAME FROM INFORMATION_SCHEMA.SCHEMATA WHERE SCHEMA_NAME=\'yourDbName\'')
 3 SYSTEMPATH/CodeIgniter.php(933): App\Controllers\Home->index()
 4 SYSTEMPATH/CodeIgniter.php(509): CodeIgniter\CodeIgniter->runController(Object(App\Controllers\Home))
 5 SYSTEMPATH/CodeIgniter.php(355): CodeIgniter\CodeIgniter->handleRequest(null, Object(Config\Cache), false)
 6 SYSTEMPATH/Boot.php(312): CodeIgniter\CodeIgniter->run()
 7 SYSTEMPATH/Boot.php(67): CodeIgniter\Boot::runCodeIgniter(Object(CodeIgniter\CodeIgniter))
 8 FCPATH/index.php(56): CodeIgniter\Boot::bootWeb(Object(Config\Paths))
ERROR - 2024-05-15 13:19:50 --> Error connecting to the database: Error: Call to undefined function CodeIgniter\Database\MySQLi\mysqli_init() in /var/www/html/system/Database/MySQLi/Connection.php:105
Stack trace:
#0 /var/www/html/system/Database/BaseConnection.php(421): CodeIgniter\Database\MySQLi\Connection->connect(false)
#1 /var/www/html/system/Database/BaseConnection.php(604): CodeIgniter\Database\BaseConnection->initialize()
#2 /var/www/html/app/Controllers/Home.php(13): CodeIgniter\Database\BaseConnection->query('SELECT SCHEMA_N...')
#3 /var/www/html/system/CodeIgniter.php(933): App\Controllers\Home->index()
#4 /var/www/html/system/CodeIgniter.php(509): CodeIgniter\CodeIgniter->runController(Object(App\Controllers\Home))
#5 /var/www/html/system/CodeIgniter.php(355): CodeIgniter\CodeIgniter->handleRequest(NULL, Object(Config\Cache), false)
#6 /var/www/html/system/Boot.php(312): CodeIgniter\CodeIgniter->run()
#7 /var/www/html/system/Boot.php(67): CodeIgniter\Boot::runCodeIgniter(Object(CodeIgniter\CodeIgniter))
#8 /var/www/html/public/index.php(56): CodeIgniter\Boot::bootWeb(Object(Config\Paths))
#9 {main}
CRITICAL - 2024-05-15 13:19:50 --> CodeIgniter\Database\Exceptions\DatabaseException: Unable to connect to the database.
Main connection [MySQLi]: Call to undefined function CodeIgniter\Database\MySQLi\mysqli_init()
[Method: GET, Route: /]
in SYSTEMPATH/Database/BaseConnection.php on line 457.
 1 SYSTEMPATH/Database/BaseConnection.php(604): CodeIgniter\Database\BaseConnection->initialize()
 2 APPPATH/Controllers/Home.php(13): CodeIgniter\Database\BaseConnection->query('SELECT SCHEMA_NAME FROM INFORMATION_SCHEMA.SCHEMATA WHERE SCHEMA_NAME=\'yourDbName\'')
 3 SYSTEMPATH/CodeIgniter.php(933): App\Controllers\Home->index()
 4 SYSTEMPATH/CodeIgniter.php(509): CodeIgniter\CodeIgniter->runController(Object(App\Controllers\Home))
 5 SYSTEMPATH/CodeIgniter.php(355): CodeIgniter\CodeIgniter->handleRequest(null, Object(Config\Cache), false)
 6 SYSTEMPATH/Boot.php(312): CodeIgniter\CodeIgniter->run()
 7 SYSTEMPATH/Boot.php(67): CodeIgniter\Boot::runCodeIgniter(Object(CodeIgniter\CodeIgniter))
 8 FCPATH/index.php(56): CodeIgniter\Boot::bootWeb(Object(Config\Paths))
ERROR - 2024-05-15 13:19:50 --> Error connecting to the database: Error: Call to undefined function CodeIgniter\Database\MySQLi\mysqli_init() in /var/www/html/system/Database/MySQLi/Connection.php:105
Stack trace:
#0 /var/www/html/system/Database/BaseConnection.php(421): CodeIgniter\Database\MySQLi\Connection->connect(false)
#1 /var/www/html/system/Database/BaseConnection.php(604): CodeIgniter\Database\BaseConnection->initialize()
#2 /var/www/html/app/Controllers/Home.php(13): CodeIgniter\Database\BaseConnection->query('SELECT SCHEMA_N...')
#3 /var/www/html/system/CodeIgniter.php(933): App\Controllers\Home->index()
#4 /var/www/html/system/CodeIgniter.php(509): CodeIgniter\CodeIgniter->runController(Object(App\Controllers\Home))
#5 /var/www/html/system/CodeIgniter.php(355): CodeIgniter\CodeIgniter->handleRequest(NULL, Object(Config\Cache), false)
#6 /var/www/html/system/Boot.php(312): CodeIgniter\CodeIgniter->run()
#7 /var/www/html/system/Boot.php(67): CodeIgniter\Boot::runCodeIgniter(Object(CodeIgniter\CodeIgniter))
#8 /var/www/html/public/index.php(56): CodeIgniter\Boot::bootWeb(Object(Config\Paths))
#9 {main}
CRITICAL - 2024-05-15 13:19:50 --> CodeIgniter\Database\Exceptions\DatabaseException: Unable to connect to the database.
Main connection [MySQLi]: Call to undefined function CodeIgniter\Database\MySQLi\mysqli_init()
[Method: GET, Route: /]
in SYSTEMPATH/Database/BaseConnection.php on line 457.
 1 SYSTEMPATH/Database/BaseConnection.php(604): CodeIgniter\Database\BaseConnection->initialize()
 2 APPPATH/Controllers/Home.php(13): CodeIgniter\Database\BaseConnection->query('SELECT SCHEMA_NAME FROM INFORMATION_SCHEMA.SCHEMATA WHERE SCHEMA_NAME=\'yourDbName\'')
 3 SYSTEMPATH/CodeIgniter.php(933): App\Controllers\Home->index()
 4 SYSTEMPATH/CodeIgniter.php(509): CodeIgniter\CodeIgniter->runController(Object(App\Controllers\Home))
 5 SYSTEMPATH/CodeIgniter.php(355): CodeIgniter\CodeIgniter->handleRequest(null, Object(Config\Cache), false)
 6 SYSTEMPATH/Boot.php(312): CodeIgniter\CodeIgniter->run()
 7 SYSTEMPATH/Boot.php(67): CodeIgniter\Boot::runCodeIgniter(Object(CodeIgniter\CodeIgniter))
 8 FCPATH/index.php(56): CodeIgniter\Boot::bootWeb(Object(Config\Paths))
ERROR - 2024-05-15 13:19:51 --> Error connecting to the database: Error: Call to undefined function CodeIgniter\Database\MySQLi\mysqli_init() in /var/www/html/system/Database/MySQLi/Connection.php:105
Stack trace:
#0 /var/www/html/system/Database/BaseConnection.php(421): CodeIgniter\Database\MySQLi\Connection->connect(false)
#1 /var/www/html/system/Database/BaseConnection.php(604): CodeIgniter\Database\BaseConnection->initialize()
#2 /var/www/html/app/Controllers/Home.php(13): CodeIgniter\Database\BaseConnection->query('SELECT SCHEMA_N...')
#3 /var/www/html/system/CodeIgniter.php(933): App\Controllers\Home->index()
#4 /var/www/html/system/CodeIgniter.php(509): CodeIgniter\CodeIgniter->runController(Object(App\Controllers\Home))
#5 /var/www/html/system/CodeIgniter.php(355): CodeIgniter\CodeIgniter->handleRequest(NULL, Object(Config\Cache), false)
#6 /var/www/html/system/Boot.php(312): CodeIgniter\CodeIgniter->run()
#7 /var/www/html/system/Boot.php(67): CodeIgniter\Boot::runCodeIgniter(Object(CodeIgniter\CodeIgniter))
#8 /var/www/html/public/index.php(56): CodeIgniter\Boot::bootWeb(Object(Config\Paths))
#9 {main}
CRITICAL - 2024-05-15 13:19:51 --> CodeIgniter\Database\Exceptions\DatabaseException: Unable to connect to the database.
Main connection [MySQLi]: Call to undefined function CodeIgniter\Database\MySQLi\mysqli_init()
[Method: GET, Route: /]
in SYSTEMPATH/Database/BaseConnection.php on line 457.
 1 SYSTEMPATH/Database/BaseConnection.php(604): CodeIgniter\Database\BaseConnection->initialize()
 2 APPPATH/Controllers/Home.php(13): CodeIgniter\Database\BaseConnection->query('SELECT SCHEMA_NAME FROM INFORMATION_SCHEMA.SCHEMATA WHERE SCHEMA_NAME=\'yourDbName\'')
 3 SYSTEMPATH/CodeIgniter.php(933): App\Controllers\Home->index()
 4 SYSTEMPATH/CodeIgniter.php(509): CodeIgniter\CodeIgniter->runController(Object(App\Controllers\Home))
 5 SYSTEMPATH/CodeIgniter.php(355): CodeIgniter\CodeIgniter->handleRequest(null, Object(Config\Cache), false)
 6 SYSTEMPATH/Boot.php(312): CodeIgniter\CodeIgniter->run()
 7 SYSTEMPATH/Boot.php(67): CodeIgniter\Boot::runCodeIgniter(Object(CodeIgniter\CodeIgniter))
 8 FCPATH/index.php(56): CodeIgniter\Boot::bootWeb(Object(Config\Paths))
ERROR - 2024-05-15 13:20:29 --> Error connecting to the database: Error: Call to undefined function CodeIgniter\Database\MySQLi\mysqli_init() in /var/www/html/system/Database/MySQLi/Connection.php:105
Stack trace:
#0 /var/www/html/system/Database/BaseConnection.php(421): CodeIgniter\Database\MySQLi\Connection->connect(false)
#1 /var/www/html/system/Database/BaseConnection.php(604): CodeIgniter\Database\BaseConnection->initialize()
#2 /var/www/html/app/Controllers/Home.php(13): CodeIgniter\Database\BaseConnection->query('SELECT SCHEMA_N...')
#3 /var/www/html/system/CodeIgniter.php(933): App\Controllers\Home->index()
#4 /var/www/html/system/CodeIgniter.php(509): CodeIgniter\CodeIgniter->runController(Object(App\Controllers\Home))
#5 /var/www/html/system/CodeIgniter.php(355): CodeIgniter\CodeIgniter->handleRequest(NULL, Object(Config\Cache), false)
#6 /var/www/html/system/Boot.php(312): CodeIgniter\CodeIgniter->run()
#7 /var/www/html/system/Boot.php(67): CodeIgniter\Boot::runCodeIgniter(Object(CodeIgniter\CodeIgniter))
#8 /var/www/html/public/index.php(56): CodeIgniter\Boot::bootWeb(Object(Config\Paths))
#9 {main}
CRITICAL - 2024-05-15 13:20:29 --> CodeIgniter\Database\Exceptions\DatabaseException: Unable to connect to the database.
Main connection [MySQLi]: Call to undefined function CodeIgniter\Database\MySQLi\mysqli_init()
[Method: GET, Route: /]
in SYSTEMPATH/Database/BaseConnection.php on line 457.
 1 SYSTEMPATH/Database/BaseConnection.php(604): CodeIgniter\Database\BaseConnection->initialize()
 2 APPPATH/Controllers/Home.php(13): CodeIgniter\Database\BaseConnection->query('SELECT SCHEMA_NAME FROM INFORMATION_SCHEMA.SCHEMATA WHERE SCHEMA_NAME=\'yourDbName\'')
 3 SYSTEMPATH/CodeIgniter.php(933): App\Controllers\Home->index()
 4 SYSTEMPATH/CodeIgniter.php(509): CodeIgniter\CodeIgniter->runController(Object(App\Controllers\Home))
 5 SYSTEMPATH/CodeIgniter.php(355): CodeIgniter\CodeIgniter->handleRequest(null, Object(Config\Cache), false)
 6 SYSTEMPATH/Boot.php(312): CodeIgniter\CodeIgniter->run()
 7 SYSTEMPATH/Boot.php(67): CodeIgniter\Boot::runCodeIgniter(Object(CodeIgniter\CodeIgniter))
 8 FCPATH/index.php(56): CodeIgniter\Boot::bootWeb(Object(Config\Paths))
ERROR - 2024-05-15 13:20:35 --> Error connecting to the database: Error: Call to undefined function CodeIgniter\Database\MySQLi\mysqli_init() in /var/www/html/system/Database/MySQLi/Connection.php:105
Stack trace:
#0 /var/www/html/system/Database/BaseConnection.php(421): CodeIgniter\Database\MySQLi\Connection->connect(false)
#1 /var/www/html/system/Database/BaseConnection.php(604): CodeIgniter\Database\BaseConnection->initialize()
#2 /var/www/html/app/Controllers/Home.php(13): CodeIgniter\Database\BaseConnection->query('SELECT SCHEMA_N...')
#3 /var/www/html/system/CodeIgniter.php(933): App\Controllers\Home->index()
#4 /var/www/html/system/CodeIgniter.php(509): CodeIgniter\CodeIgniter->runController(Object(App\Controllers\Home))
#5 /var/www/html/system/CodeIgniter.php(355): CodeIgniter\CodeIgniter->handleRequest(NULL, Object(Config\Cache), false)
#6 /var/www/html/system/Boot.php(312): CodeIgniter\CodeIgniter->run()
#7 /var/www/html/system/Boot.php(67): CodeIgniter\Boot::runCodeIgniter(Object(CodeIgniter\CodeIgniter))
#8 /var/www/html/public/index.php(56): CodeIgniter\Boot::bootWeb(Object(Config\Paths))
#9 {main}
CRITICAL - 2024-05-15 13:20:35 --> CodeIgniter\Database\Exceptions\DatabaseException: Unable to connect to the database.
Main connection [MySQLi]: Call to undefined function CodeIgniter\Database\MySQLi\mysqli_init()
[Method: GET, Route: /]
in SYSTEMPATH/Database/BaseConnection.php on line 457.
 1 SYSTEMPATH/Database/BaseConnection.php(604): CodeIgniter\Database\BaseConnection->initialize()
 2 APPPATH/Controllers/Home.php(13): CodeIgniter\Database\BaseConnection->query('SELECT SCHEMA_NAME FROM INFORMATION_SCHEMA.SCHEMATA WHERE SCHEMA_NAME=\'yourDbName\'')
 3 SYSTEMPATH/CodeIgniter.php(933): App\Controllers\Home->index()
 4 SYSTEMPATH/CodeIgniter.php(509): CodeIgniter\CodeIgniter->runController(Object(App\Controllers\Home))
 5 SYSTEMPATH/CodeIgniter.php(355): CodeIgniter\CodeIgniter->handleRequest(null, Object(Config\Cache), false)
 6 SYSTEMPATH/Boot.php(312): CodeIgniter\CodeIgniter->run()
 7 SYSTEMPATH/Boot.php(67): CodeIgniter\Boot::runCodeIgniter(Object(CodeIgniter\CodeIgniter))
 8 FCPATH/index.php(56): CodeIgniter\Boot::bootWeb(Object(Config\Paths))
ERROR - 2024-05-15 13:20:42 --> Error connecting to the database: Error: Call to undefined function CodeIgniter\Database\MySQLi\mysqli_init() in /var/www/html/system/Database/MySQLi/Connection.php:105
Stack trace:
#0 /var/www/html/system/Database/BaseConnection.php(421): CodeIgniter\Database\MySQLi\Connection->connect(false)
#1 /var/www/html/system/Database/BaseConnection.php(604): CodeIgniter\Database\BaseConnection->initialize()
#2 /var/www/html/app/Controllers/Home.php(13): CodeIgniter\Database\BaseConnection->query('SELECT SCHEMA_N...')
#3 /var/www/html/system/CodeIgniter.php(933): App\Controllers\Home->index()
#4 /var/www/html/system/CodeIgniter.php(509): CodeIgniter\CodeIgniter->runController(Object(App\Controllers\Home))
#5 /var/www/html/system/CodeIgniter.php(355): CodeIgniter\CodeIgniter->handleRequest(NULL, Object(Config\Cache), false)
#6 /var/www/html/system/Boot.php(312): CodeIgniter\CodeIgniter->run()
#7 /var/www/html/system/Boot.php(67): CodeIgniter\Boot::runCodeIgniter(Object(CodeIgniter\CodeIgniter))
#8 /var/www/html/public/index.php(56): CodeIgniter\Boot::bootWeb(Object(Config\Paths))
#9 {main}
CRITICAL - 2024-05-15 13:20:42 --> CodeIgniter\Database\Exceptions\DatabaseException: Unable to connect to the database.
Main connection [MySQLi]: Call to undefined function CodeIgniter\Database\MySQLi\mysqli_init()
[Method: GET, Route: /]
in SYSTEMPATH/Database/BaseConnection.php on line 457.
 1 SYSTEMPATH/Database/BaseConnection.php(604): CodeIgniter\Database\BaseConnection->initialize()
 2 APPPATH/Controllers/Home.php(13): CodeIgniter\Database\BaseConnection->query('SELECT SCHEMA_NAME FROM INFORMATION_SCHEMA.SCHEMATA WHERE SCHEMA_NAME=\'yourDbName\'')
 3 SYSTEMPATH/CodeIgniter.php(933): App\Controllers\Home->index()
 4 SYSTEMPATH/CodeIgniter.php(509): CodeIgniter\CodeIgniter->runController(Object(App\Controllers\Home))
 5 SYSTEMPATH/CodeIgniter.php(355): CodeIgniter\CodeIgniter->handleRequest(null, Object(Config\Cache), false)
 6 SYSTEMPATH/Boot.php(312): CodeIgniter\CodeIgniter->run()
 7 SYSTEMPATH/Boot.php(67): CodeIgniter\Boot::runCodeIgniter(Object(CodeIgniter\CodeIgniter))
 8 FCPATH/index.php(56): CodeIgniter\Boot::bootWeb(Object(Config\Paths))
ERROR - 2024-05-15 13:28:46 --> Error connecting to the database: Error: Call to undefined function CodeIgniter\Database\MySQLi\mysqli_init() in /var/www/html/system/Database/MySQLi/Connection.php:105
Stack trace:
#0 /var/www/html/system/Database/BaseConnection.php(421): CodeIgniter\Database\MySQLi\Connection->connect(false)
#1 /var/www/html/system/Database/BaseConnection.php(604): CodeIgniter\Database\BaseConnection->initialize()
#2 /var/www/html/app/Controllers/Home.php(13): CodeIgniter\Database\BaseConnection->query('SELECT SCHEMA_N...')
#3 /var/www/html/system/CodeIgniter.php(933): App\Controllers\Home->index()
#4 /var/www/html/system/CodeIgniter.php(509): CodeIgniter\CodeIgniter->runController(Object(App\Controllers\Home))
#5 /var/www/html/system/CodeIgniter.php(355): CodeIgniter\CodeIgniter->handleRequest(NULL, Object(Config\Cache), false)
#6 /var/www/html/system/Boot.php(312): CodeIgniter\CodeIgniter->run()
#7 /var/www/html/system/Boot.php(67): CodeIgniter\Boot::runCodeIgniter(Object(CodeIgniter\CodeIgniter))
#8 /var/www/html/public/index.php(56): CodeIgniter\Boot::bootWeb(Object(Config\Paths))
#9 {main}
CRITICAL - 2024-05-15 13:28:46 --> CodeIgniter\Database\Exceptions\DatabaseException: Unable to connect to the database.
Main connection [MySQLi]: Call to undefined function CodeIgniter\Database\MySQLi\mysqli_init()
[Method: GET, Route: /]
in SYSTEMPATH/Database/BaseConnection.php on line 457.
 1 SYSTEMPATH/Database/BaseConnection.php(604): CodeIgniter\Database\BaseConnection->initialize()
 2 APPPATH/Controllers/Home.php(13): CodeIgniter\Database\BaseConnection->query('SELECT SCHEMA_NAME FROM INFORMATION_SCHEMA.SCHEMATA WHERE SCHEMA_NAME=\'yourDbName\'')
 3 SYSTEMPATH/CodeIgniter.php(933): App\Controllers\Home->index()
 4 SYSTEMPATH/CodeIgniter.php(509): CodeIgniter\CodeIgniter->runController(Object(App\Controllers\Home))
 5 SYSTEMPATH/CodeIgniter.php(355): CodeIgniter\CodeIgniter->handleRequest(null, Object(Config\Cache), false)
 6 SYSTEMPATH/Boot.php(312): CodeIgniter\CodeIgniter->run()
 7 SYSTEMPATH/Boot.php(67): CodeIgniter\Boot::runCodeIgniter(Object(CodeIgniter\CodeIgniter))
 8 FCPATH/index.php(56): CodeIgniter\Boot::bootWeb(Object(Config\Paths))
ERROR - 2024-05-15 13:28:47 --> Error connecting to the database: Error: Call to undefined function CodeIgniter\Database\MySQLi\mysqli_init() in /var/www/html/system/Database/MySQLi/Connection.php:105
Stack trace:
#0 /var/www/html/system/Database/BaseConnection.php(421): CodeIgniter\Database\MySQLi\Connection->connect(false)
#1 /var/www/html/system/Database/BaseConnection.php(604): CodeIgniter\Database\BaseConnection->initialize()
#2 /var/www/html/app/Controllers/Home.php(13): CodeIgniter\Database\BaseConnection->query('SELECT SCHEMA_N...')
#3 /var/www/html/system/CodeIgniter.php(933): App\Controllers\Home->index()
#4 /var/www/html/system/CodeIgniter.php(509): CodeIgniter\CodeIgniter->runController(Object(App\Controllers\Home))
#5 /var/www/html/system/CodeIgniter.php(355): CodeIgniter\CodeIgniter->handleRequest(NULL, Object(Config\Cache), false)
#6 /var/www/html/system/Boot.php(312): CodeIgniter\CodeIgniter->run()
#7 /var/www/html/system/Boot.php(67): CodeIgniter\Boot::runCodeIgniter(Object(CodeIgniter\CodeIgniter))
#8 /var/www/html/public/index.php(56): CodeIgniter\Boot::bootWeb(Object(Config\Paths))
#9 {main}
CRITICAL - 2024-05-15 13:28:47 --> CodeIgniter\Database\Exceptions\DatabaseException: Unable to connect to the database.
Main connection [MySQLi]: Call to undefined function CodeIgniter\Database\MySQLi\mysqli_init()
[Method: GET, Route: /]
in SYSTEMPATH/Database/BaseConnection.php on line 457.
 1 SYSTEMPATH/Database/BaseConnection.php(604): CodeIgniter\Database\BaseConnection->initialize()
 2 APPPATH/Controllers/Home.php(13): CodeIgniter\Database\BaseConnection->query('SELECT SCHEMA_NAME FROM INFORMATION_SCHEMA.SCHEMATA WHERE SCHEMA_NAME=\'yourDbName\'')
 3 SYSTEMPATH/CodeIgniter.php(933): App\Controllers\Home->index()
 4 SYSTEMPATH/CodeIgniter.php(509): CodeIgniter\CodeIgniter->runController(Object(App\Controllers\Home))
 5 SYSTEMPATH/CodeIgniter.php(355): CodeIgniter\CodeIgniter->handleRequest(null, Object(Config\Cache), false)
 6 SYSTEMPATH/Boot.php(312): CodeIgniter\CodeIgniter->run()
 7 SYSTEMPATH/Boot.php(67): CodeIgniter\Boot::runCodeIgniter(Object(CodeIgniter\CodeIgniter))
 8 FCPATH/index.php(56): CodeIgniter\Boot::bootWeb(Object(Config\Paths))
ERROR - 2024-05-15 13:33:14 --> Error connecting to the database: Error: Call to undefined function CodeIgniter\Database\MySQLi\mysqli_init() in /var/www/html/system/Database/MySQLi/Connection.php:105
Stack trace:
#0 /var/www/html/system/Database/BaseConnection.php(421): CodeIgniter\Database\MySQLi\Connection->connect(false)
#1 /var/www/html/system/Database/BaseConnection.php(604): CodeIgniter\Database\BaseConnection->initialize()
#2 /var/www/html/app/Controllers/Home.php(13): CodeIgniter\Database\BaseConnection->query('SELECT SCHEMA_N...')
#3 /var/www/html/system/CodeIgniter.php(933): App\Controllers\Home->index()
#4 /var/www/html/system/CodeIgniter.php(509): CodeIgniter\CodeIgniter->runController(Object(App\Controllers\Home))
#5 /var/www/html/system/CodeIgniter.php(355): CodeIgniter\CodeIgniter->handleRequest(NULL, Object(Config\Cache), false)
#6 /var/www/html/system/Boot.php(312): CodeIgniter\CodeIgniter->run()
#7 /var/www/html/system/Boot.php(67): CodeIgniter\Boot::runCodeIgniter(Object(CodeIgniter\CodeIgniter))
#8 /var/www/html/public/index.php(56): CodeIgniter\Boot::bootWeb(Object(Config\Paths))
#9 {main}
CRITICAL - 2024-05-15 13:33:14 --> CodeIgniter\Database\Exceptions\DatabaseException: Unable to connect to the database.
Main connection [MySQLi]: Call to undefined function CodeIgniter\Database\MySQLi\mysqli_init()
[Method: GET, Route: /]
in SYSTEMPATH/Database/BaseConnection.php on line 457.
 1 SYSTEMPATH/Database/BaseConnection.php(604): CodeIgniter\Database\BaseConnection->initialize()
 2 APPPATH/Controllers/Home.php(13): CodeIgniter\Database\BaseConnection->query('SELECT SCHEMA_NAME FROM INFORMATION_SCHEMA.SCHEMATA WHERE SCHEMA_NAME=\'yourDbName\'')
 3 SYSTEMPATH/CodeIgniter.php(933): App\Controllers\Home->index()
 4 SYSTEMPATH/CodeIgniter.php(509): CodeIgniter\CodeIgniter->runController(Object(App\Controllers\Home))
 5 SYSTEMPATH/CodeIgniter.php(355): CodeIgniter\CodeIgniter->handleRequest(null, Object(Config\Cache), false)
 6 SYSTEMPATH/Boot.php(312): CodeIgniter\CodeIgniter->run()
 7 SYSTEMPATH/Boot.php(67): CodeIgniter\Boot::runCodeIgniter(Object(CodeIgniter\CodeIgniter))
 8 FCPATH/index.php(56): CodeIgniter\Boot::bootWeb(Object(Config\Paths))
ERROR - 2024-05-15 13:33:58 --> Error connecting to the database: Error: Call to undefined function CodeIgniter\Database\MySQLi\mysqli_init() in /var/www/html/system/Database/MySQLi/Connection.php:105
Stack trace:
#0 /var/www/html/system/Database/BaseConnection.php(421): CodeIgniter\Database\MySQLi\Connection->connect(false)
#1 /var/www/html/system/Database/BaseConnection.php(604): CodeIgniter\Database\BaseConnection->initialize()
#2 /var/www/html/app/Controllers/Home.php(13): CodeIgniter\Database\BaseConnection->query('SELECT SCHEMA_N...')
#3 /var/www/html/system/CodeIgniter.php(933): App\Controllers\Home->index()
#4 /var/www/html/system/CodeIgniter.php(509): CodeIgniter\CodeIgniter->runController(Object(App\Controllers\Home))
#5 /var/www/html/system/CodeIgniter.php(355): CodeIgniter\CodeIgniter->handleRequest(NULL, Object(Config\Cache), false)
#6 /var/www/html/system/Boot.php(312): CodeIgniter\CodeIgniter->run()
#7 /var/www/html/system/Boot.php(67): CodeIgniter\Boot::runCodeIgniter(Object(CodeIgniter\CodeIgniter))
#8 /var/www/html/public/index.php(56): CodeIgniter\Boot::bootWeb(Object(Config\Paths))
#9 {main}
CRITICAL - 2024-05-15 13:33:58 --> CodeIgniter\Database\Exceptions\DatabaseException: Unable to connect to the database.
Main connection [MySQLi]: Call to undefined function CodeIgniter\Database\MySQLi\mysqli_init()
[Method: GET, Route: /]
in SYSTEMPATH/Database/BaseConnection.php on line 457.
 1 SYSTEMPATH/Database/BaseConnection.php(604): CodeIgniter\Database\BaseConnection->initialize()
 2 APPPATH/Controllers/Home.php(13): CodeIgniter\Database\BaseConnection->query('SELECT SCHEMA_NAME FROM INFORMATION_SCHEMA.SCHEMATA WHERE SCHEMA_NAME=\'yourDbName\'')
 3 SYSTEMPATH/CodeIgniter.php(933): App\Controllers\Home->index()
 4 SYSTEMPATH/CodeIgniter.php(509): CodeIgniter\CodeIgniter->runController(Object(App\Controllers\Home))
 5 SYSTEMPATH/CodeIgniter.php(355): CodeIgniter\CodeIgniter->handleRequest(null, Object(Config\Cache), false)
 6 SYSTEMPATH/Boot.php(312): CodeIgniter\CodeIgniter->run()
 7 SYSTEMPATH/Boot.php(67): CodeIgniter\Boot::runCodeIgniter(Object(CodeIgniter\CodeIgniter))
 8 FCPATH/index.php(56): CodeIgniter\Boot::bootWeb(Object(Config\Paths))
ERROR - 2024-05-15 13:34:13 --> Error connecting to the database: Error: Call to undefined function CodeIgniter\Database\MySQLi\mysqli_init() in /var/www/html/system/Database/MySQLi/Connection.php:105
Stack trace:
#0 /var/www/html/system/Database/BaseConnection.php(421): CodeIgniter\Database\MySQLi\Connection->connect(false)
#1 /var/www/html/system/Database/BaseConnection.php(604): CodeIgniter\Database\BaseConnection->initialize()
#2 /var/www/html/app/Controllers/Home.php(13): CodeIgniter\Database\BaseConnection->query('SELECT SCHEMA_N...')
#3 /var/www/html/system/CodeIgniter.php(933): App\Controllers\Home->index()
#4 /var/www/html/system/CodeIgniter.php(509): CodeIgniter\CodeIgniter->runController(Object(App\Controllers\Home))
#5 /var/www/html/system/CodeIgniter.php(355): CodeIgniter\CodeIgniter->handleRequest(NULL, Object(Config\Cache), false)
#6 /var/www/html/system/Boot.php(312): CodeIgniter\CodeIgniter->run()
#7 /var/www/html/system/Boot.php(67): CodeIgniter\Boot::runCodeIgniter(Object(CodeIgniter\CodeIgniter))
#8 /var/www/html/public/index.php(56): CodeIgniter\Boot::bootWeb(Object(Config\Paths))
#9 {main}
CRITICAL - 2024-05-15 13:34:13 --> CodeIgniter\Database\Exceptions\DatabaseException: Unable to connect to the database.
Main connection [MySQLi]: Call to undefined function CodeIgniter\Database\MySQLi\mysqli_init()
[Method: GET, Route: /]
in SYSTEMPATH/Database/BaseConnection.php on line 457.
 1 SYSTEMPATH/Database/BaseConnection.php(604): CodeIgniter\Database\BaseConnection->initialize()
 2 APPPATH/Controllers/Home.php(13): CodeIgniter\Database\BaseConnection->query('SELECT SCHEMA_NAME FROM INFORMATION_SCHEMA.SCHEMATA WHERE SCHEMA_NAME=\'yourDbName\'')
 3 SYSTEMPATH/CodeIgniter.php(933): App\Controllers\Home->index()
 4 SYSTEMPATH/CodeIgniter.php(509): CodeIgniter\CodeIgniter->runController(Object(App\Controllers\Home))
 5 SYSTEMPATH/CodeIgniter.php(355): CodeIgniter\CodeIgniter->handleRequest(null, Object(Config\Cache), false)
 6 SYSTEMPATH/Boot.php(312): CodeIgniter\CodeIgniter->run()
 7 SYSTEMPATH/Boot.php(67): CodeIgniter\Boot::runCodeIgniter(Object(CodeIgniter\CodeIgniter))
 8 FCPATH/index.php(56): CodeIgniter\Boot::bootWeb(Object(Config\Paths))
ERROR - 2024-05-15 13:34:28 --> Error connecting to the database: Error: Call to undefined function CodeIgniter\Database\MySQLi\mysqli_init() in /var/www/html/system/Database/MySQLi/Connection.php:105
Stack trace:
#0 /var/www/html/system/Database/BaseConnection.php(421): CodeIgniter\Database\MySQLi\Connection->connect(false)
#1 /var/www/html/system/Database/BaseConnection.php(604): CodeIgniter\Database\BaseConnection->initialize()
#2 /var/www/html/app/Controllers/Home.php(13): CodeIgniter\Database\BaseConnection->query('SELECT SCHEMA_N...')
#3 /var/www/html/system/CodeIgniter.php(933): App\Controllers\Home->index()
#4 /var/www/html/system/CodeIgniter.php(509): CodeIgniter\CodeIgniter->runController(Object(App\Controllers\Home))
#5 /var/www/html/system/CodeIgniter.php(355): CodeIgniter\CodeIgniter->handleRequest(NULL, Object(Config\Cache), false)
#6 /var/www/html/system/Boot.php(312): CodeIgniter\CodeIgniter->run()
#7 /var/www/html/system/Boot.php(67): CodeIgniter\Boot::runCodeIgniter(Object(CodeIgniter\CodeIgniter))
#8 /var/www/html/public/index.php(56): CodeIgniter\Boot::bootWeb(Object(Config\Paths))
#9 {main}
CRITICAL - 2024-05-15 13:34:28 --> CodeIgniter\Database\Exceptions\DatabaseException: Unable to connect to the database.
Main connection [MySQLi]: Call to undefined function CodeIgniter\Database\MySQLi\mysqli_init()
[Method: GET, Route: /]
in SYSTEMPATH/Database/BaseConnection.php on line 457.
 1 SYSTEMPATH/Database/BaseConnection.php(604): CodeIgniter\Database\BaseConnection->initialize()
 2 APPPATH/Controllers/Home.php(13): CodeIgniter\Database\BaseConnection->query('SELECT SCHEMA_NAME FROM INFORMATION_SCHEMA.SCHEMATA WHERE SCHEMA_NAME=\'yourDbName\'')
 3 SYSTEMPATH/CodeIgniter.php(933): App\Controllers\Home->index()
 4 SYSTEMPATH/CodeIgniter.php(509): CodeIgniter\CodeIgniter->runController(Object(App\Controllers\Home))
 5 SYSTEMPATH/CodeIgniter.php(355): CodeIgniter\CodeIgniter->handleRequest(null, Object(Config\Cache), false)
 6 SYSTEMPATH/Boot.php(312): CodeIgniter\CodeIgniter->run()
 7 SYSTEMPATH/Boot.php(67): CodeIgniter\Boot::runCodeIgniter(Object(CodeIgniter\CodeIgniter))
 8 FCPATH/index.php(56): CodeIgniter\Boot::bootWeb(Object(Config\Paths))
ERROR - 2024-05-15 13:34:41 --> Error connecting to the database: Error: Call to undefined function CodeIgniter\Database\MySQLi\mysqli_init() in /var/www/html/system/Database/MySQLi/Connection.php:105
Stack trace:
#0 /var/www/html/system/Database/BaseConnection.php(421): CodeIgniter\Database\MySQLi\Connection->connect(false)
#1 /var/www/html/system/Database/BaseConnection.php(604): CodeIgniter\Database\BaseConnection->initialize()
#2 /var/www/html/app/Controllers/Home.php(13): CodeIgniter\Database\BaseConnection->query('SELECT SCHEMA_N...')
#3 /var/www/html/system/CodeIgniter.php(933): App\Controllers\Home->index()
#4 /var/www/html/system/CodeIgniter.php(509): CodeIgniter\CodeIgniter->runController(Object(App\Controllers\Home))
#5 /var/www/html/system/CodeIgniter.php(355): CodeIgniter\CodeIgniter->handleRequest(NULL, Object(Config\Cache), false)
#6 /var/www/html/system/Boot.php(312): CodeIgniter\CodeIgniter->run()
#7 /var/www/html/system/Boot.php(67): CodeIgniter\Boot::runCodeIgniter(Object(CodeIgniter\CodeIgniter))
#8 /var/www/html/public/index.php(56): CodeIgniter\Boot::bootWeb(Object(Config\Paths))
#9 {main}
CRITICAL - 2024-05-15 13:34:41 --> CodeIgniter\Database\Exceptions\DatabaseException: Unable to connect to the database.
Main connection [MySQLi]: Call to undefined function CodeIgniter\Database\MySQLi\mysqli_init()
[Method: GET, Route: /]
in SYSTEMPATH/Database/BaseConnection.php on line 457.
 1 SYSTEMPATH/Database/BaseConnection.php(604): CodeIgniter\Database\BaseConnection->initialize()
 2 APPPATH/Controllers/Home.php(13): CodeIgniter\Database\BaseConnection->query('SELECT SCHEMA_NAME FROM INFORMATION_SCHEMA.SCHEMATA WHERE SCHEMA_NAME=\'yourDbName\'')
 3 SYSTEMPATH/CodeIgniter.php(933): App\Controllers\Home->index()
 4 SYSTEMPATH/CodeIgniter.php(509): CodeIgniter\CodeIgniter->runController(Object(App\Controllers\Home))
 5 SYSTEMPATH/CodeIgniter.php(355): CodeIgniter\CodeIgniter->handleRequest(null, Object(Config\Cache), false)
 6 SYSTEMPATH/Boot.php(312): CodeIgniter\CodeIgniter->run()
 7 SYSTEMPATH/Boot.php(67): CodeIgniter\Boot::runCodeIgniter(Object(CodeIgniter\CodeIgniter))
 8 FCPATH/index.php(56): CodeIgniter\Boot::bootWeb(Object(Config\Paths))
ERROR - 2024-05-15 13:34:56 --> Error connecting to the database: Error: Call to undefined function CodeIgniter\Database\MySQLi\mysqli_init() in /var/www/html/system/Database/MySQLi/Connection.php:105
Stack trace:
#0 /var/www/html/system/Database/BaseConnection.php(421): CodeIgniter\Database\MySQLi\Connection->connect(false)
#1 /var/www/html/system/Database/BaseConnection.php(604): CodeIgniter\Database\BaseConnection->initialize()
#2 /var/www/html/app/Controllers/Home.php(13): CodeIgniter\Database\BaseConnection->query('SELECT SCHEMA_N...')
#3 /var/www/html/system/CodeIgniter.php(933): App\Controllers\Home->index()
#4 /var/www/html/system/CodeIgniter.php(509): CodeIgniter\CodeIgniter->runController(Object(App\Controllers\Home))
#5 /var/www/html/system/CodeIgniter.php(355): CodeIgniter\CodeIgniter->handleRequest(NULL, Object(Config\Cache), false)
#6 /var/www/html/system/Boot.php(312): CodeIgniter\CodeIgniter->run()
#7 /var/www/html/system/Boot.php(67): CodeIgniter\Boot::runCodeIgniter(Object(CodeIgniter\CodeIgniter))
#8 /var/www/html/public/index.php(56): CodeIgniter\Boot::bootWeb(Object(Config\Paths))
#9 {main}
CRITICAL - 2024-05-15 13:34:56 --> CodeIgniter\Database\Exceptions\DatabaseException: Unable to connect to the database.
Main connection [MySQLi]: Call to undefined function CodeIgniter\Database\MySQLi\mysqli_init()
[Method: GET, Route: /]
in SYSTEMPATH/Database/BaseConnection.php on line 457.
 1 SYSTEMPATH/Database/BaseConnection.php(604): CodeIgniter\Database\BaseConnection->initialize()
 2 APPPATH/Controllers/Home.php(13): CodeIgniter\Database\BaseConnection->query('SELECT SCHEMA_NAME FROM INFORMATION_SCHEMA.SCHEMATA WHERE SCHEMA_NAME=\'yourDbName\'')
 3 SYSTEMPATH/CodeIgniter.php(933): App\Controllers\Home->index()
 4 SYSTEMPATH/CodeIgniter.php(509): CodeIgniter\CodeIgniter->runController(Object(App\Controllers\Home))
 5 SYSTEMPATH/CodeIgniter.php(355): CodeIgniter\CodeIgniter->handleRequest(null, Object(Config\Cache), false)
 6 SYSTEMPATH/Boot.php(312): CodeIgniter\CodeIgniter->run()
 7 SYSTEMPATH/Boot.php(67): CodeIgniter\Boot::runCodeIgniter(Object(CodeIgniter\CodeIgniter))
 8 FCPATH/index.php(56): CodeIgniter\Boot::bootWeb(Object(Config\Paths))
ERROR - 2024-05-15 13:35:36 --> Error connecting to the database: Error: Call to undefined function CodeIgniter\Database\MySQLi\mysqli_init() in /var/www/html/system/Database/MySQLi/Connection.php:105
Stack trace:
#0 /var/www/html/system/Database/BaseConnection.php(421): CodeIgniter\Database\MySQLi\Connection->connect(false)
#1 /var/www/html/system/Database/BaseConnection.php(604): CodeIgniter\Database\BaseConnection->initialize()
#2 /var/www/html/app/Controllers/Home.php(13): CodeIgniter\Database\BaseConnection->query('SELECT SCHEMA_N...')
#3 /var/www/html/system/CodeIgniter.php(933): App\Controllers\Home->index()
#4 /var/www/html/system/CodeIgniter.php(509): CodeIgniter\CodeIgniter->runController(Object(App\Controllers\Home))
#5 /var/www/html/system/CodeIgniter.php(355): CodeIgniter\CodeIgniter->handleRequest(NULL, Object(Config\Cache), false)
#6 /var/www/html/system/Boot.php(312): CodeIgniter\CodeIgniter->run()
#7 /var/www/html/system/Boot.php(67): CodeIgniter\Boot::runCodeIgniter(Object(CodeIgniter\CodeIgniter))
#8 /var/www/html/public/index.php(56): CodeIgniter\Boot::bootWeb(Object(Config\Paths))
#9 {main}
CRITICAL - 2024-05-15 13:35:36 --> CodeIgniter\Database\Exceptions\DatabaseException: Unable to connect to the database.
Main connection [MySQLi]: Call to undefined function CodeIgniter\Database\MySQLi\mysqli_init()
[Method: GET, Route: /]
in SYSTEMPATH/Database/BaseConnection.php on line 457.
 1 SYSTEMPATH/Database/BaseConnection.php(604): CodeIgniter\Database\BaseConnection->initialize()
 2 APPPATH/Controllers/Home.php(13): CodeIgniter\Database\BaseConnection->query('SELECT SCHEMA_NAME FROM INFORMATION_SCHEMA.SCHEMATA WHERE SCHEMA_NAME=\'yourDbName\'')
 3 SYSTEMPATH/CodeIgniter.php(933): App\Controllers\Home->index()
 4 SYSTEMPATH/CodeIgniter.php(509): CodeIgniter\CodeIgniter->runController(Object(App\Controllers\Home))
 5 SYSTEMPATH/CodeIgniter.php(355): CodeIgniter\CodeIgniter->handleRequest(null, Object(Config\Cache), false)
 6 SYSTEMPATH/Boot.php(312): CodeIgniter\CodeIgniter->run()
 7 SYSTEMPATH/Boot.php(67): CodeIgniter\Boot::runCodeIgniter(Object(CodeIgniter\CodeIgniter))
 8 FCPATH/index.php(56): CodeIgniter\Boot::bootWeb(Object(Config\Paths))
ERROR - 2024-05-15 13:35:40 --> Error connecting to the database: Error: Call to undefined function CodeIgniter\Database\MySQLi\mysqli_init() in /var/www/html/system/Database/MySQLi/Connection.php:105
Stack trace:
#0 /var/www/html/system/Database/BaseConnection.php(421): CodeIgniter\Database\MySQLi\Connection->connect(false)
#1 /var/www/html/system/Database/BaseConnection.php(604): CodeIgniter\Database\BaseConnection->initialize()
#2 /var/www/html/app/Controllers/Home.php(13): CodeIgniter\Database\BaseConnection->query('SELECT SCHEMA_N...')
#3 /var/www/html/system/CodeIgniter.php(933): App\Controllers\Home->index()
#4 /var/www/html/system/CodeIgniter.php(509): CodeIgniter\CodeIgniter->runController(Object(App\Controllers\Home))
#5 /var/www/html/system/CodeIgniter.php(355): CodeIgniter\CodeIgniter->handleRequest(NULL, Object(Config\Cache), false)
#6 /var/www/html/system/Boot.php(312): CodeIgniter\CodeIgniter->run()
#7 /var/www/html/system/Boot.php(67): CodeIgniter\Boot::runCodeIgniter(Object(CodeIgniter\CodeIgniter))
#8 /var/www/html/public/index.php(56): CodeIgniter\Boot::bootWeb(Object(Config\Paths))
#9 {main}
CRITICAL - 2024-05-15 13:35:40 --> CodeIgniter\Database\Exceptions\DatabaseException: Unable to connect to the database.
Main connection [MySQLi]: Call to undefined function CodeIgniter\Database\MySQLi\mysqli_init()
[Method: GET, Route: /]
in SYSTEMPATH/Database/BaseConnection.php on line 457.
 1 SYSTEMPATH/Database/BaseConnection.php(604): CodeIgniter\Database\BaseConnection->initialize()
 2 APPPATH/Controllers/Home.php(13): CodeIgniter\Database\BaseConnection->query('SELECT SCHEMA_NAME FROM INFORMATION_SCHEMA.SCHEMATA WHERE SCHEMA_NAME=\'yourDbName\'')
 3 SYSTEMPATH/CodeIgniter.php(933): App\Controllers\Home->index()
 4 SYSTEMPATH/CodeIgniter.php(509): CodeIgniter\CodeIgniter->runController(Object(App\Controllers\Home))
 5 SYSTEMPATH/CodeIgniter.php(355): CodeIgniter\CodeIgniter->handleRequest(null, Object(Config\Cache), false)
 6 SYSTEMPATH/Boot.php(312): CodeIgniter\CodeIgniter->run()
 7 SYSTEMPATH/Boot.php(67): CodeIgniter\Boot::runCodeIgniter(Object(CodeIgniter\CodeIgniter))
 8 FCPATH/index.php(56): CodeIgniter\Boot::bootWeb(Object(Config\Paths))
ERROR - 2024-05-15 15:58:24 --> Error connecting to the database: Error: Call to undefined function CodeIgniter\Database\MySQLi\mysqli_init() in /var/www/html/system/Database/MySQLi/Connection.php:105
Stack trace:
#0 /var/www/html/system/Database/BaseConnection.php(421): CodeIgniter\Database\MySQLi\Connection->connect(false)
#1 /var/www/html/system/Database/BaseConnection.php(604): CodeIgniter\Database\BaseConnection->initialize()
#2 /var/www/html/app/Controllers/Home.php(13): CodeIgniter\Database\BaseConnection->query('SELECT SCHEMA_N...')
#3 /var/www/html/system/CodeIgniter.php(933): App\Controllers\Home->index()
#4 /var/www/html/system/CodeIgniter.php(509): CodeIgniter\CodeIgniter->runController(Object(App\Controllers\Home))
#5 /var/www/html/system/CodeIgniter.php(355): CodeIgniter\CodeIgniter->handleRequest(NULL, Object(Config\Cache), false)
#6 /var/www/html/system/Boot.php(312): CodeIgniter\CodeIgniter->run()
#7 /var/www/html/system/Boot.php(67): CodeIgniter\Boot::runCodeIgniter(Object(CodeIgniter\CodeIgniter))
#8 /var/www/html/public/index.php(56): CodeIgniter\Boot::bootWeb(Object(Config\Paths))
#9 {main}
CRITICAL - 2024-05-15 15:58:24 --> CodeIgniter\Database\Exceptions\DatabaseException: Unable to connect to the database.
Main connection [MySQLi]: Call to undefined function CodeIgniter\Database\MySQLi\mysqli_init()
[Method: GET, Route: /]
in SYSTEMPATH/Database/BaseConnection.php on line 457.
 1 SYSTEMPATH/Database/BaseConnection.php(604): CodeIgniter\Database\BaseConnection->initialize()
 2 APPPATH/Controllers/Home.php(13): CodeIgniter\Database\BaseConnection->query('SELECT SCHEMA_NAME FROM INFORMATION_SCHEMA.SCHEMATA WHERE SCHEMA_NAME=\'yourDbName\'')
 3 SYSTEMPATH/CodeIgniter.php(933): App\Controllers\Home->index()
 4 SYSTEMPATH/CodeIgniter.php(509): CodeIgniter\CodeIgniter->runController(Object(App\Controllers\Home))
 5 SYSTEMPATH/CodeIgniter.php(355): CodeIgniter\CodeIgniter->handleRequest(null, Object(Config\Cache), false)
 6 SYSTEMPATH/Boot.php(312): CodeIgniter\CodeIgniter->run()
 7 SYSTEMPATH/Boot.php(67): CodeIgniter\Boot::runCodeIgniter(Object(CodeIgniter\CodeIgniter))
 8 FCPATH/index.php(56): CodeIgniter\Boot::bootWeb(Object(Config\Paths))
ERROR - 2024-05-15 15:58:25 --> Error connecting to the database: Error: Call to undefined function CodeIgniter\Database\MySQLi\mysqli_init() in /var/www/html/system/Database/MySQLi/Connection.php:105
Stack trace:
#0 /var/www/html/system/Database/BaseConnection.php(421): CodeIgniter\Database\MySQLi\Connection->connect(false)
#1 /var/www/html/system/Database/BaseConnection.php(604): CodeIgniter\Database\BaseConnection->initialize()
#2 /var/www/html/app/Controllers/Home.php(13): CodeIgniter\Database\BaseConnection->query('SELECT SCHEMA_N...')
#3 /var/www/html/system/CodeIgniter.php(933): App\Controllers\Home->index()
#4 /var/www/html/system/CodeIgniter.php(509): CodeIgniter\CodeIgniter->runController(Object(App\Controllers\Home))
#5 /var/www/html/system/CodeIgniter.php(355): CodeIgniter\CodeIgniter->handleRequest(NULL, Object(Config\Cache), false)
#6 /var/www/html/system/Boot.php(312): CodeIgniter\CodeIgniter->run()
#7 /var/www/html/system/Boot.php(67): CodeIgniter\Boot::runCodeIgniter(Object(CodeIgniter\CodeIgniter))
#8 /var/www/html/public/index.php(56): CodeIgniter\Boot::bootWeb(Object(Config\Paths))
#9 {main}
CRITICAL - 2024-05-15 15:58:25 --> CodeIgniter\Database\Exceptions\DatabaseException: Unable to connect to the database.
Main connection [MySQLi]: Call to undefined function CodeIgniter\Database\MySQLi\mysqli_init()
[Method: GET, Route: /]
in SYSTEMPATH/Database/BaseConnection.php on line 457.
 1 SYSTEMPATH/Database/BaseConnection.php(604): CodeIgniter\Database\BaseConnection->initialize()
 2 APPPATH/Controllers/Home.php(13): CodeIgniter\Database\BaseConnection->query('SELECT SCHEMA_NAME FROM INFORMATION_SCHEMA.SCHEMATA WHERE SCHEMA_NAME=\'yourDbName\'')
 3 SYSTEMPATH/CodeIgniter.php(933): App\Controllers\Home->index()
 4 SYSTEMPATH/CodeIgniter.php(509): CodeIgniter\CodeIgniter->runController(Object(App\Controllers\Home))
 5 SYSTEMPATH/CodeIgniter.php(355): CodeIgniter\CodeIgniter->handleRequest(null, Object(Config\Cache), false)
 6 SYSTEMPATH/Boot.php(312): CodeIgniter\CodeIgniter->run()
 7 SYSTEMPATH/Boot.php(67): CodeIgniter\Boot::runCodeIgniter(Object(CodeIgniter\CodeIgniter))
 8 FCPATH/index.php(56): CodeIgniter\Boot::bootWeb(Object(Config\Paths))
ERROR - 2024-05-15 16:02:08 --> Error connecting to the database: Error: Call to undefined function CodeIgniter\Database\MySQLi\mysqli_init() in /var/www/html/system/Database/MySQLi/Connection.php:105
Stack trace:
#0 /var/www/html/system/Database/BaseConnection.php(421): CodeIgniter\Database\MySQLi\Connection->connect(false)
#1 /var/www/html/system/Database/BaseConnection.php(604): CodeIgniter\Database\BaseConnection->initialize()
#2 /var/www/html/app/Controllers/Home.php(13): CodeIgniter\Database\BaseConnection->query('SELECT SCHEMA_N...')
#3 /var/www/html/system/CodeIgniter.php(933): App\Controllers\Home->index()
#4 /var/www/html/system/CodeIgniter.php(509): CodeIgniter\CodeIgniter->runController(Object(App\Controllers\Home))
#5 /var/www/html/system/CodeIgniter.php(355): CodeIgniter\CodeIgniter->handleRequest(NULL, Object(Config\Cache), false)
#6 /var/www/html/system/Boot.php(312): CodeIgniter\CodeIgniter->run()
#7 /var/www/html/system/Boot.php(67): CodeIgniter\Boot::runCodeIgniter(Object(CodeIgniter\CodeIgniter))
#8 /var/www/html/public/index.php(56): CodeIgniter\Boot::bootWeb(Object(Config\Paths))
#9 {main}
CRITICAL - 2024-05-15 16:02:08 --> CodeIgniter\Database\Exceptions\DatabaseException: Unable to connect to the database.
Main connection [MySQLi]: Call to undefined function CodeIgniter\Database\MySQLi\mysqli_init()
[Method: GET, Route: /]
in SYSTEMPATH/Database/BaseConnection.php on line 457.
 1 SYSTEMPATH/Database/BaseConnection.php(604): CodeIgniter\Database\BaseConnection->initialize()
 2 APPPATH/Controllers/Home.php(13): CodeIgniter\Database\BaseConnection->query('SELECT SCHEMA_NAME FROM INFORMATION_SCHEMA.SCHEMATA WHERE SCHEMA_NAME=\'yourDbName\'')
 3 SYSTEMPATH/CodeIgniter.php(933): App\Controllers\Home->index()
 4 SYSTEMPATH/CodeIgniter.php(509): CodeIgniter\CodeIgniter->runController(Object(App\Controllers\Home))
 5 SYSTEMPATH/CodeIgniter.php(355): CodeIgniter\CodeIgniter->handleRequest(null, Object(Config\Cache), false)
 6 SYSTEMPATH/Boot.php(312): CodeIgniter\CodeIgniter->run()
 7 SYSTEMPATH/Boot.php(67): CodeIgniter\Boot::runCodeIgniter(Object(CodeIgniter\CodeIgniter))
 8 FCPATH/index.php(56): CodeIgniter\Boot::bootWeb(Object(Config\Paths))
ERROR - 2024-05-15 16:02:11 --> Error connecting to the database: Error: Call to undefined function CodeIgniter\Database\MySQLi\mysqli_init() in /var/www/html/system/Database/MySQLi/Connection.php:105
Stack trace:
#0 /var/www/html/system/Database/BaseConnection.php(421): CodeIgniter\Database\MySQLi\Connection->connect(false)
#1 /var/www/html/system/Database/BaseConnection.php(604): CodeIgniter\Database\BaseConnection->initialize()
#2 /var/www/html/app/Controllers/Home.php(13): CodeIgniter\Database\BaseConnection->query('SELECT SCHEMA_N...')
#3 /var/www/html/system/CodeIgniter.php(933): App\Controllers\Home->index()
#4 /var/www/html/system/CodeIgniter.php(509): CodeIgniter\CodeIgniter->runController(Object(App\Controllers\Home))
#5 /var/www/html/system/CodeIgniter.php(355): CodeIgniter\CodeIgniter->handleRequest(NULL, Object(Config\Cache), false)
#6 /var/www/html/system/Boot.php(312): CodeIgniter\CodeIgniter->run()
#7 /var/www/html/system/Boot.php(67): CodeIgniter\Boot::runCodeIgniter(Object(CodeIgniter\CodeIgniter))
#8 /var/www/html/public/index.php(56): CodeIgniter\Boot::bootWeb(Object(Config\Paths))
#9 {main}
CRITICAL - 2024-05-15 16:02:11 --> CodeIgniter\Database\Exceptions\DatabaseException: Unable to connect to the database.
Main connection [MySQLi]: Call to undefined function CodeIgniter\Database\MySQLi\mysqli_init()
[Method: GET, Route: /]
in SYSTEMPATH/Database/BaseConnection.php on line 457.
 1 SYSTEMPATH/Database/BaseConnection.php(604): CodeIgniter\Database\BaseConnection->initialize()
 2 APPPATH/Controllers/Home.php(13): CodeIgniter\Database\BaseConnection->query('SELECT SCHEMA_NAME FROM INFORMATION_SCHEMA.SCHEMATA WHERE SCHEMA_NAME=\'yourDbName\'')
 3 SYSTEMPATH/CodeIgniter.php(933): App\Controllers\Home->index()
 4 SYSTEMPATH/CodeIgniter.php(509): CodeIgniter\CodeIgniter->runController(Object(App\Controllers\Home))
 5 SYSTEMPATH/CodeIgniter.php(355): CodeIgniter\CodeIgniter->handleRequest(null, Object(Config\Cache), false)
 6 SYSTEMPATH/Boot.php(312): CodeIgniter\CodeIgniter->run()
 7 SYSTEMPATH/Boot.php(67): CodeIgniter\Boot::runCodeIgniter(Object(CodeIgniter\CodeIgniter))
 8 FCPATH/index.php(56): CodeIgniter\Boot::bootWeb(Object(Config\Paths))
ERROR - 2024-05-15 16:02:11 --> Error connecting to the database: Error: Call to undefined function CodeIgniter\Database\MySQLi\mysqli_init() in /var/www/html/system/Database/MySQLi/Connection.php:105
Stack trace:
#0 /var/www/html/system/Database/BaseConnection.php(421): CodeIgniter\Database\MySQLi\Connection->connect(false)
#1 /var/www/html/system/Database/BaseConnection.php(604): CodeIgniter\Database\BaseConnection->initialize()
#2 /var/www/html/app/Controllers/Home.php(13): CodeIgniter\Database\BaseConnection->query('SELECT SCHEMA_N...')
#3 /var/www/html/system/CodeIgniter.php(933): App\Controllers\Home->index()
#4 /var/www/html/system/CodeIgniter.php(509): CodeIgniter\CodeIgniter->runController(Object(App\Controllers\Home))
#5 /var/www/html/system/CodeIgniter.php(355): CodeIgniter\CodeIgniter->handleRequest(NULL, Object(Config\Cache), false)
#6 /var/www/html/system/Boot.php(312): CodeIgniter\CodeIgniter->run()
#7 /var/www/html/system/Boot.php(67): CodeIgniter\Boot::runCodeIgniter(Object(CodeIgniter\CodeIgniter))
#8 /var/www/html/public/index.php(56): CodeIgniter\Boot::bootWeb(Object(Config\Paths))
#9 {main}
CRITICAL - 2024-05-15 16:02:11 --> CodeIgniter\Database\Exceptions\DatabaseException: Unable to connect to the database.
Main connection [MySQLi]: Call to undefined function CodeIgniter\Database\MySQLi\mysqli_init()
[Method: GET, Route: /]
in SYSTEMPATH/Database/BaseConnection.php on line 457.
 1 SYSTEMPATH/Database/BaseConnection.php(604): CodeIgniter\Database\BaseConnection->initialize()
 2 APPPATH/Controllers/Home.php(13): CodeIgniter\Database\BaseConnection->query('SELECT SCHEMA_NAME FROM INFORMATION_SCHEMA.SCHEMATA WHERE SCHEMA_NAME=\'yourDbName\'')
 3 SYSTEMPATH/CodeIgniter.php(933): App\Controllers\Home->index()
 4 SYSTEMPATH/CodeIgniter.php(509): CodeIgniter\CodeIgniter->runController(Object(App\Controllers\Home))
 5 SYSTEMPATH/CodeIgniter.php(355): CodeIgniter\CodeIgniter->handleRequest(null, Object(Config\Cache), false)
 6 SYSTEMPATH/Boot.php(312): CodeIgniter\CodeIgniter->run()
 7 SYSTEMPATH/Boot.php(67): CodeIgniter\Boot::runCodeIgniter(Object(CodeIgniter\CodeIgniter))
 8 FCPATH/index.php(56): CodeIgniter\Boot::bootWeb(Object(Config\Paths))
ERROR - 2024-05-15 16:04:03 --> Error connecting to the database: Error: Call to undefined function CodeIgniter\Database\MySQLi\mysqli_init() in /var/www/html/system/Database/MySQLi/Connection.php:105
Stack trace:
#0 /var/www/html/system/Database/BaseConnection.php(421): CodeIgniter\Database\MySQLi\Connection->connect(false)
#1 /var/www/html/system/Database/BaseConnection.php(604): CodeIgniter\Database\BaseConnection->initialize()
#2 /var/www/html/app/Controllers/Home.php(13): CodeIgniter\Database\BaseConnection->query('SELECT SCHEMA_N...')
#3 /var/www/html/system/CodeIgniter.php(933): App\Controllers\Home->index()
#4 /var/www/html/system/CodeIgniter.php(509): CodeIgniter\CodeIgniter->runController(Object(App\Controllers\Home))
#5 /var/www/html/system/CodeIgniter.php(355): CodeIgniter\CodeIgniter->handleRequest(NULL, Object(Config\Cache), false)
#6 /var/www/html/system/Boot.php(312): CodeIgniter\CodeIgniter->run()
#7 /var/www/html/system/Boot.php(67): CodeIgniter\Boot::runCodeIgniter(Object(CodeIgniter\CodeIgniter))
#8 /var/www/html/public/index.php(56): CodeIgniter\Boot::bootWeb(Object(Config\Paths))
#9 {main}
CRITICAL - 2024-05-15 16:04:03 --> CodeIgniter\Database\Exceptions\DatabaseException: Unable to connect to the database.
Main connection [MySQLi]: Call to undefined function CodeIgniter\Database\MySQLi\mysqli_init()
[Method: GET, Route: /]
in SYSTEMPATH/Database/BaseConnection.php on line 457.
 1 SYSTEMPATH/Database/BaseConnection.php(604): CodeIgniter\Database\BaseConnection->initialize()
 2 APPPATH/Controllers/Home.php(13): CodeIgniter\Database\BaseConnection->query('SELECT SCHEMA_NAME FROM INFORMATION_SCHEMA.SCHEMATA WHERE SCHEMA_NAME=\'yourDbName\'')
 3 SYSTEMPATH/CodeIgniter.php(933): App\Controllers\Home->index()
 4 SYSTEMPATH/CodeIgniter.php(509): CodeIgniter\CodeIgniter->runController(Object(App\Controllers\Home))
 5 SYSTEMPATH/CodeIgniter.php(355): CodeIgniter\CodeIgniter->handleRequest(null, Object(Config\Cache), false)
 6 SYSTEMPATH/Boot.php(312): CodeIgniter\CodeIgniter->run()
 7 SYSTEMPATH/Boot.php(67): CodeIgniter\Boot::runCodeIgniter(Object(CodeIgniter\CodeIgniter))
 8 FCPATH/index.php(56): CodeIgniter\Boot::bootWeb(Object(Config\Paths))
ERROR - 2024-05-15 16:06:32 --> Error connecting to the database: Error: Call to undefined function CodeIgniter\Database\MySQLi\mysqli_init() in /var/www/html/system/Database/MySQLi/Connection.php:105
Stack trace:
#0 /var/www/html/system/Database/BaseConnection.php(421): CodeIgniter\Database\MySQLi\Connection->connect(false)
#1 /var/www/html/system/Database/BaseConnection.php(604): CodeIgniter\Database\BaseConnection->initialize()
#2 /var/www/html/app/Controllers/Home.php(13): CodeIgniter\Database\BaseConnection->query('SELECT SCHEMA_N...')
#3 /var/www/html/system/CodeIgniter.php(933): App\Controllers\Home->index()
#4 /var/www/html/system/CodeIgniter.php(509): CodeIgniter\CodeIgniter->runController(Object(App\Controllers\Home))
#5 /var/www/html/system/CodeIgniter.php(355): CodeIgniter\CodeIgniter->handleRequest(NULL, Object(Config\Cache), false)
#6 /var/www/html/system/Boot.php(312): CodeIgniter\CodeIgniter->run()
#7 /var/www/html/system/Boot.php(67): CodeIgniter\Boot::runCodeIgniter(Object(CodeIgniter\CodeIgniter))
#8 /var/www/html/public/index.php(56): CodeIgniter\Boot::bootWeb(Object(Config\Paths))
#9 {main}
CRITICAL - 2024-05-15 16:06:32 --> CodeIgniter\Database\Exceptions\DatabaseException: Unable to connect to the database.
Main connection [MySQLi]: Call to undefined function CodeIgniter\Database\MySQLi\mysqli_init()
[Method: GET, Route: /]
in SYSTEMPATH/Database/BaseConnection.php on line 457.
 1 SYSTEMPATH/Database/BaseConnection.php(604): CodeIgniter\Database\BaseConnection->initialize()
 2 APPPATH/Controllers/Home.php(13): CodeIgniter\Database\BaseConnection->query('SELECT SCHEMA_NAME FROM INFORMATION_SCHEMA.SCHEMATA WHERE SCHEMA_NAME=\'yourDbName\'')
 3 SYSTEMPATH/CodeIgniter.php(933): App\Controllers\Home->index()
 4 SYSTEMPATH/CodeIgniter.php(509): CodeIgniter\CodeIgniter->runController(Object(App\Controllers\Home))
 5 SYSTEMPATH/CodeIgniter.php(355): CodeIgniter\CodeIgniter->handleRequest(null, Object(Config\Cache), false)
 6 SYSTEMPATH/Boot.php(312): CodeIgniter\CodeIgniter->run()
 7 SYSTEMPATH/Boot.php(67): CodeIgniter\Boot::runCodeIgniter(Object(CodeIgniter\CodeIgniter))
 8 FCPATH/index.php(56): CodeIgniter\Boot::bootWeb(Object(Config\Paths))
